running egg_info
creating ..\..\build\asv_launch\asv_launch.egg-info
writing ..\..\build\asv_launch\asv_launch.egg-info\PKG-INFO
writing dependency_links to ..\..\build\asv_launch\asv_launch.egg-info\dependency_links.txt
writing requirements to ..\..\build\asv_launch\asv_launch.egg-info\requires.txt
writing top-level names to ..\..\build\asv_launch\asv_launch.egg-info\top_level.txt
writing manifest file '..\..\build\asv_launch\asv_launch.egg-info\SOURCES.txt'
reading manifest file '..\..\build\asv_launch\asv_launch.egg-info\SOURCES.txt'
writing manifest file '..\..\build\asv_launch\asv_launch.egg-info\SOURCES.txt'
running build
running build_py
creating C:\Users\edvar\programming\ros2_ws\build\asv_launch\build
creating C:\Users\edvar\programming\ros2_ws\build\asv_launch\build\lib
creating C:\Users\edvar\programming\ros2_ws\build\asv_launch\build\lib\asv_launch
copying asv_launch\__init__.py -> C:\Users\edvar\programming\ros2_ws\build\asv_launch\build\lib\asv_launch
running install
running install_lib
creating C:\Users\edvar\programming\ros2_ws\install\asv_launch\Lib\site-packages\asv_launch
copying C:\Users\edvar\programming\ros2_ws\build\asv_launch\build\lib\asv_launch\__init__.py -> C:\Users\edvar\programming\ros2_ws\install\asv_launch\Lib\site-packages\asv_launch
byte-compiling C:\Users\edvar\programming\ros2_ws\install\asv_launch\Lib\site-packages\asv_launch\__init__.py to __init__.cpython-39.pyc
running install_data
creating C:\Users\edvar\programming\ros2_ws\install\asv_launch\share\ament_index
creating C:\Users\edvar\programming\ros2_ws\install\asv_launch\share\ament_index\resource_index
creating C:\Users\edvar\programming\ros2_ws\install\asv_launch\share\ament_index\resource_index\packages
copying resource\asv_launch -> C:\Users\edvar\programming\ros2_ws\install\asv_launch\share\ament_index\resource_index\packages
copying package.xml -> C:\Users\edvar\programming\ros2_ws\install\asv_launch\share\asv_launch
creating C:\Users\edvar\programming\ros2_ws\install\asv_launch\share\asv_launch\launch
copying launch\bringup.py -> C:\Users\edvar\programming\ros2_ws\install\asv_launch\share\asv_launch\launch
running install_egg_info
Copying ..\..\build\asv_launch\asv_launch.egg-info to C:\Users\edvar\programming\ros2_ws\install\asv_launch\Lib\site-packages\asv_launch-0.0.0-py3.9.egg-info
running install_scripts
writing list of installed files to 'C:\Users\edvar\programming\ros2_ws\build\asv_launch\install.log'
