[2.672s] Invoking command in 'C:\Users\edvar\programming\ros2_ws\src\asv_launch': PIXI_PROMPT=(ros2_ws) PYTHONPATH=C:\Users\edvar\programming\ros2_ws\build\asv_launch\prefix_override;C:\Users\edvar\programming\ros2_ws\install\asv_launch\Lib\site-packages;%PYTHONPATH% C:\Users\edvar\programming\ros2_ws\.pixi\envs\default\python.exe setup.py egg_info --egg-base ..\..\build\asv_launch build --build-base C:\Users\edvar\programming\ros2_ws\build\asv_launch\build install --record C:\Users\edvar\programming\ros2_ws\build\asv_launch\install.log --single-version-externally-managed
[3.031s] running egg_info
[3.031s] creating ..\..\build\asv_launch\asv_launch.egg-info
[3.062s] writing ..\..\build\asv_launch\asv_launch.egg-info\PKG-INFO
[3.062s] writing dependency_links to ..\..\build\asv_launch\asv_launch.egg-info\dependency_links.txt
[3.062s] writing requirements to ..\..\build\asv_launch\asv_launch.egg-info\requires.txt
[3.062s] writing top-level names to ..\..\build\asv_launch\asv_launch.egg-info\top_level.txt
[3.062s] writing manifest file '..\..\build\asv_launch\asv_launch.egg-info\SOURCES.txt'
[3.109s] reading manifest file '..\..\build\asv_launch\asv_launch.egg-info\SOURCES.txt'
[3.109s] writing manifest file '..\..\build\asv_launch\asv_launch.egg-info\SOURCES.txt'
[3.109s] running build
[3.109s] running build_py
[3.109s] creating C:\Users\edvar\programming\ros2_ws\build\asv_launch\build
[3.109s] creating C:\Users\edvar\programming\ros2_ws\build\asv_launch\build\lib
[3.109s] creating C:\Users\edvar\programming\ros2_ws\build\asv_launch\build\lib\asv_launch
[3.109s] copying asv_launch\__init__.py -> C:\Users\edvar\programming\ros2_ws\build\asv_launch\build\lib\asv_launch
[3.109s] running install
[3.109s] C:\Users\edvar\programming\ros2_ws\.pixi\envs\default\Lib\site-packages\setuptools\_distutils\cmd.py:66: SetuptoolsDeprecationWarning: setup.py install is deprecated.
[3.109s] !!
[3.109s] 
[3.109s]         ********************************************************************************
[3.109s]         Please avoid running ``setup.py`` directly.
[3.109s]         Instead, use pypa/build, pypa/installer or other
[3.109s]         standards-based tools.
[3.109s] 
[3.109s]         See https://blog.ganssle.io/articles/2021/10/setup-py-deprecated.html for details.
[3.109s]         ********************************************************************************
[3.109s] 
[3.109s] !!
[3.109s]   self.initialize_options()
[3.109s] running install_lib
[3.125s] creating C:\Users\edvar\programming\ros2_ws\install\asv_launch\Lib\site-packages\asv_launch
[3.125s] copying C:\Users\edvar\programming\ros2_ws\build\asv_launch\build\lib\asv_launch\__init__.py -> C:\Users\edvar\programming\ros2_ws\install\asv_launch\Lib\site-packages\asv_launch
[3.125s] byte-compiling C:\Users\edvar\programming\ros2_ws\install\asv_launch\Lib\site-packages\asv_launch\__init__.py to __init__.cpython-39.pyc
[3.125s] running install_data
[3.156s] creating C:\Users\edvar\programming\ros2_ws\install\asv_launch\share\ament_index
[3.156s] creating C:\Users\edvar\programming\ros2_ws\install\asv_launch\share\ament_index\resource_index
[3.156s] creating C:\Users\edvar\programming\ros2_ws\install\asv_launch\share\ament_index\resource_index\packages
[3.156s] copying resource\asv_launch -> C:\Users\edvar\programming\ros2_ws\install\asv_launch\share\ament_index\resource_index\packages
[3.156s] copying package.xml -> C:\Users\edvar\programming\ros2_ws\install\asv_launch\share\asv_launch
[3.156s] creating C:\Users\edvar\programming\ros2_ws\install\asv_launch\share\asv_launch\launch
[3.156s] copying launch\bringup.py -> C:\Users\edvar\programming\ros2_ws\install\asv_launch\share\asv_launch\launch
[3.156s] running install_egg_info
[3.187s] Copying ..\..\build\asv_launch\asv_launch.egg-info to C:\Users\edvar\programming\ros2_ws\install\asv_launch\Lib\site-packages\asv_launch-0.0.0-py3.9.egg-info
[3.203s] running install_scripts
[3.406s] writing list of installed files to 'C:\Users\edvar\programming\ros2_ws\build\asv_launch\install.log'
[3.422s] Invoked command in 'C:\Users\edvar\programming\ros2_ws\src\asv_launch' returned '0': PIXI_PROMPT=(ros2_ws) PYTHONPATH=C:\Users\edvar\programming\ros2_ws\build\asv_launch\prefix_override;C:\Users\edvar\programming\ros2_ws\install\asv_launch\Lib\site-packages;%PYTHONPATH% C:\Users\edvar\programming\ros2_ws\.pixi\envs\default\python.exe setup.py egg_info --egg-base ..\..\build\asv_launch build --build-base C:\Users\edvar\programming\ros2_ws\build\asv_launch\build install --record C:\Users\edvar\programming\ros2_ws\build\asv_launch\install.log --single-version-externally-managed
