running egg_info
writing ..\..\build\asv_launch\asv_launch.egg-info\PKG-INFO
writing dependency_links to ..\..\build\asv_launch\asv_launch.egg-info\dependency_links.txt
writing requirements to ..\..\build\asv_launch\asv_launch.egg-info\requires.txt
writing top-level names to ..\..\build\asv_launch\asv_launch.egg-info\top_level.txt
reading manifest file '..\..\build\asv_launch\asv_launch.egg-info\SOURCES.txt'
writing manifest file '..\..\build\asv_launch\asv_launch.egg-info\SOURCES.txt'
running build
running build_py
copying asv_launch\__init__.py -> C:\Users\edvar\programming\ros2_ws\build\asv_launch\build\lib\asv_launch
running install
C:\Users\edvar\programming\ros2_ws\.pixi\envs\default\Lib\site-packages\setuptools\_distutils\cmd.py:66: SetuptoolsDeprecationWarning: setup.py install is deprecated.
!!

        ********************************************************************************
        Please avoid running ``setup.py`` directly.
        Instead, use pypa/build, pypa/installer or other
        standards-based tools.

        See https://blog.ganssle.io/articles/2021/10/setup-py-deprecated.html for details.
        ********************************************************************************

!!
  self.initialize_options()
running install_lib
running install_data
copying resource\asv_launch -> C:\Users\edvar\programming\ros2_ws\install\asv_launch\share\ament_index\resource_index\packages
copying package.xml -> C:\Users\edvar\programming\ros2_ws\install\asv_launch\share\asv_launch
copying launch\bringup.py -> C:\Users\edvar\programming\ros2_ws\install\asv_launch\share\asv_launch\launch
running install_egg_info
removing 'C:\Users\edvar\programming\ros2_ws\install\asv_launch\Lib\site-packages\asv_launch-0.0.0-py3.9.egg-info' (and everything under it)
Copying ..\..\build\asv_launch\asv_launch.egg-info to C:\Users\edvar\programming\ros2_ws\install\asv_launch\Lib\site-packages\asv_launch-0.0.0-py3.9.egg-info
running install_scripts
writing list of installed files to 'C:\Users\edvar\programming\ros2_ws\build\asv_launch\install.log'
