[2.266s] Invoking command in 'C:\Users\edvar\programming\ros2_ws\src\asv_launch': PIXI_PROMPT=(ros2_ws) PYTHONPATH=C:\Users\edvar\programming\ros2_ws\build\asv_launch\prefix_override;C:\Users\edvar\programming\ros2_ws\install\asv_launch\Lib\site-packages;%PYTHONPATH% C:\Users\edvar\programming\ros2_ws\.pixi\envs\default\python.exe setup.py egg_info --egg-base ..\..\build\asv_launch build --build-base C:\Users\edvar\programming\ros2_ws\build\asv_launch\build install --record C:\Users\edvar\programming\ros2_ws\build\asv_launch\install.log --single-version-externally-managed
[2.641s] running egg_info
[2.672s] writing ..\..\build\asv_launch\asv_launch.egg-info\PKG-INFO
[2.672s] writing dependency_links to ..\..\build\asv_launch\asv_launch.egg-info\dependency_links.txt
[2.672s] writing requirements to ..\..\build\asv_launch\asv_launch.egg-info\requires.txt
[2.672s] writing top-level names to ..\..\build\asv_launch\asv_launch.egg-info\top_level.txt
[2.719s] reading manifest file '..\..\build\asv_launch\asv_launch.egg-info\SOURCES.txt'
[2.719s] writing manifest file '..\..\build\asv_launch\asv_launch.egg-info\SOURCES.txt'
[2.719s] running build
[2.719s] running build_py
[2.719s] copying asv_launch\__init__.py -> C:\Users\edvar\programming\ros2_ws\build\asv_launch\build\lib\asv_launch
[2.719s] running install
[2.719s] C:\Users\edvar\programming\ros2_ws\.pixi\envs\default\Lib\site-packages\setuptools\_distutils\cmd.py:66: SetuptoolsDeprecationWarning: setup.py install is deprecated.
[2.719s] !!
[2.719s] 
[2.719s]         ********************************************************************************
[2.719s]         Please avoid running ``setup.py`` directly.
[2.719s]         Instead, use pypa/build, pypa/installer or other
[2.719s]         standards-based tools.
[2.719s] 
[2.719s]         See https://blog.ganssle.io/articles/2021/10/setup-py-deprecated.html for details.
[2.719s]         ********************************************************************************
[2.719s] 
[2.719s] !!
[2.719s]   self.initialize_options()
[2.719s] running install_lib
[2.750s] running install_data
[2.766s] copying resource\asv_launch -> C:\Users\edvar\programming\ros2_ws\install\asv_launch\share\ament_index\resource_index\packages
[2.766s] copying package.xml -> C:\Users\edvar\programming\ros2_ws\install\asv_launch\share\asv_launch
[2.781s] copying launch\bringup.py -> C:\Users\edvar\programming\ros2_ws\install\asv_launch\share\asv_launch\launch
[2.781s] running install_egg_info
[2.797s] removing 'C:\Users\edvar\programming\ros2_ws\install\asv_launch\Lib\site-packages\asv_launch-0.0.0-py3.9.egg-info' (and everything under it)
[2.797s] Copying ..\..\build\asv_launch\asv_launch.egg-info to C:\Users\edvar\programming\ros2_ws\install\asv_launch\Lib\site-packages\asv_launch-0.0.0-py3.9.egg-info
[2.813s] running install_scripts
[3.031s] writing list of installed files to 'C:\Users\edvar\programming\ros2_ws\build\asv_launch\install.log'
[3.063s] Invoked command in 'C:\Users\edvar\programming\ros2_ws\src\asv_launch' returned '0': PIXI_PROMPT=(ros2_ws) PYTHONPATH=C:\Users\edvar\programming\ros2_ws\build\asv_launch\prefix_override;C:\Users\edvar\programming\ros2_ws\install\asv_launch\Lib\site-packages;%PYTHONPATH% C:\Users\edvar\programming\ros2_ws\.pixi\envs\default\python.exe setup.py egg_info --egg-base ..\..\build\asv_launch build --build-base C:\Users\edvar\programming\ros2_ws\build\asv_launch\build install --record C:\Users\edvar\programming\ros2_ws\build\asv_launch\install.log --single-version-externally-managed
