[2.406s] Invoking command in 'C:\Users\edvar\programming\ros2_ws\src\asv_nav': PIXI_PROMPT=(ros2_ws) PYTHONPATH=C:\Users\edvar\programming\ros2_ws\build\asv_nav\prefix_override;C:\Users\edvar\programming\ros2_ws\install\asv_nav\Lib\site-packages;%PYTHONPATH% C:\Users\edvar\programming\ros2_ws\.pixi\envs\default\python.exe setup.py egg_info --egg-base ..\..\build\asv_nav build --build-base C:\Users\edvar\programming\ros2_ws\build\asv_nav\build install --record C:\Users\edvar\programming\ros2_ws\build\asv_nav\install.log --single-version-externally-managed
[2.813s] running egg_info
[2.828s] writing ..\..\build\asv_nav\asv_nav.egg-info\PKG-INFO
[2.828s] writing dependency_links to ..\..\build\asv_nav\asv_nav.egg-info\dependency_links.txt
[2.828s] writing entry points to ..\..\build\asv_nav\asv_nav.egg-info\entry_points.txt
[2.828s] writing requirements to ..\..\build\asv_nav\asv_nav.egg-info\requires.txt
[2.828s] writing top-level names to ..\..\build\asv_nav\asv_nav.egg-info\top_level.txt
[2.875s] reading manifest file '..\..\build\asv_nav\asv_nav.egg-info\SOURCES.txt'
[2.875s] writing manifest file '..\..\build\asv_nav\asv_nav.egg-info\SOURCES.txt'
[2.875s] running build
[2.875s] running build_py
[2.875s] copying asv_nav\odom_tf.py -> C:\Users\edvar\programming\ros2_ws\build\asv_nav\build\lib\asv_nav
[2.891s] copying asv_nav\__init__.py -> C:\Users\edvar\programming\ros2_ws\build\asv_nav\build\lib\asv_nav
[2.891s] running install
[2.891s] C:\Users\edvar\programming\ros2_ws\.pixi\envs\default\Lib\site-packages\setuptools\_distutils\cmd.py:66: SetuptoolsDeprecationWarning: setup.py install is deprecated.
[2.891s] !!
[2.891s] 
[2.891s]         ********************************************************************************
[2.891s]         Please avoid running ``setup.py`` directly.
[2.891s]         Instead, use pypa/build, pypa/installer or other
[2.891s]         standards-based tools.
[2.891s] 
[2.891s]         See https://blog.ganssle.io/articles/2021/10/setup-py-deprecated.html for details.
[2.891s]         ********************************************************************************
[2.891s] 
[2.891s] !!
[2.891s]   self.initialize_options()
[2.891s] running install_lib
[2.906s] running install_data
[2.938s] copying resource\asv_nav -> C:\Users\edvar\programming\ros2_ws\install\asv_nav\share\ament_index\resource_index\packages
[2.938s] copying package.xml -> C:\Users\edvar\programming\ros2_ws\install\asv_nav\share\asv_nav
[2.938s] running install_egg_info
[2.953s] removing 'C:\Users\edvar\programming\ros2_ws\install\asv_nav\Lib\site-packages\asv_nav-0.0.0-py3.9.egg-info' (and everything under it)
[2.953s] Copying ..\..\build\asv_nav\asv_nav.egg-info to C:\Users\edvar\programming\ros2_ws\install\asv_nav\Lib\site-packages\asv_nav-0.0.0-py3.9.egg-info
[2.969s] running install_scripts
[3.172s] Installing odom_tf-script.py script to C:\Users\edvar\programming\ros2_ws\install\asv_nav\lib\asv_nav
[3.172s] Installing odom_tf.exe script to C:\Users\edvar\programming\ros2_ws\install\asv_nav\lib\asv_nav
[3.172s] writing list of installed files to 'C:\Users\edvar\programming\ros2_ws\build\asv_nav\install.log'
[3.188s] Invoked command in 'C:\Users\edvar\programming\ros2_ws\src\asv_nav' returned '0': PIXI_PROMPT=(ros2_ws) PYTHONPATH=C:\Users\edvar\programming\ros2_ws\build\asv_nav\prefix_override;C:\Users\edvar\programming\ros2_ws\install\asv_nav\Lib\site-packages;%PYTHONPATH% C:\Users\edvar\programming\ros2_ws\.pixi\envs\default\python.exe setup.py egg_info --egg-base ..\..\build\asv_nav build --build-base C:\Users\edvar\programming\ros2_ws\build\asv_nav\build install --record C:\Users\edvar\programming\ros2_ws\build\asv_nav\install.log --single-version-externally-managed
