MSBuild version 17.9.5+33de0b227 for .NET Framework

-- Up-to-date: C:/Users/edvar/programming/ros2_ws/install/asv_description/share/asv_description/models
-- Up-to-date: C:/Users/edvar/programming/ros2_ws/install/asv_description/share/asv_description/models/engine
-- Up-to-date: C:/Users/edvar/programming/ros2_ws/install/asv_description/share/asv_description/models/engine/mesh
-- Up-to-date: C:/Users/edvar/programming/ros2_ws/install/asv_description/share/asv_description/models/engine/mesh/engine.dae
-- Up-to-date: C:/Users/edvar/programming/ros2_ws/install/asv_description/share/asv_description/models/engine/model.config
-- Up-to-date: C:/Users/edvar/programming/ros2_ws/install/asv_description/share/asv_description/models/propeller
-- Up-to-date: C:/Users/edvar/programming/ros2_ws/install/asv_description/share/asv_description/models/propeller/mesh
-- Up-to-date: C:/Users/edvar/programming/ros2_ws/install/asv_description/share/asv_description/models/propeller/mesh/propeller.dae
-- Up-to-date: C:/Users/edvar/programming/ros2_ws/install/asv_description/share/asv_description/models/propeller/model.config
-- Up-to-date: C:/Users/edvar/programming/ros2_ws/install/asv_description/share/asv_description/models/WAM-V-Base
-- Up-to-date: C:/Users/edvar/programming/ros2_ws/install/asv_description/share/asv_description/models/WAM-V-Base/mesh
-- Up-to-date: C:/Users/edvar/programming/ros2_ws/install/asv_description/share/asv_description/models/WAM-V-Base/mesh/WAM-V-Base.dae
-- Up-to-date: C:/Users/edvar/programming/ros2_ws/install/asv_description/share/asv_description/models/WAM-V-Base/mesh/WAM-V_Albedo.png
-- Up-to-date: C:/Users/edvar/programming/ros2_ws/install/asv_description/share/asv_description/models/WAM-V-Base/mesh/WAM-V_Metalness.png
-- Up-to-date: C:/Users/edvar/programming/ros2_ws/install/asv_description/share/asv_description/models/WAM-V-Base/mesh/WAM-V_Normal.png
-- Up-to-date: C:/Users/edvar/programming/ros2_ws/install/asv_description/share/asv_description/models/WAM-V-Base/mesh/WAM-V_Roughness.png
-- Up-to-date: C:/Users/edvar/programming/ros2_ws/install/asv_description/share/asv_description/models/WAM-V-Base/mesh/WamV.png
-- Up-to-date: C:/Users/edvar/programming/ros2_ws/install/asv_description/share/asv_description/models/WAM-V-Base/model.config
-- Up-to-date: C:/Users/edvar/programming/ros2_ws/install/asv_description/share/asv_description/urdf
-- Up-to-date: C:/Users/edvar/programming/ros2_ws/install/asv_description/share/asv_description/urdf/battery.xacro
-- Up-to-date: C:/Users/edvar/programming/ros2_ws/install/asv_description/share/asv_description/urdf/cpu_cases.xacro
-- Up-to-date: C:/Users/edvar/programming/ros2_ws/install/asv_description/share/asv_description/urdf/thrusters
-- Up-to-date: C:/Users/edvar/programming/ros2_ws/install/asv_description/share/asv_description/urdf/thrusters/engine.xacro
-- Up-to-date: C:/Users/edvar/programming/ros2_ws/install/asv_description/share/asv_description/urdf/wamv_base.urdf
-- Up-to-date: C:/Users/edvar/programming/ros2_ws/install/asv_description/share/ament_index/resource_index/package_run_dependencies/asv_description
-- Up-to-date: C:/Users/edvar/programming/ros2_ws/install/asv_description/share/ament_index/resource_index/parent_prefix_path/asv_description
-- Up-to-date: C:/Users/edvar/programming/ros2_ws/install/asv_description/share/asv_description/environment/ament_prefix_path.bat
-- Up-to-date: C:/Users/edvar/programming/ros2_ws/install/asv_description/share/asv_description/environment/ament_prefix_path.dsv
-- Up-to-date: C:/Users/edvar/programming/ros2_ws/install/asv_description/share/asv_description/environment/path.bat
-- Up-to-date: C:/Users/edvar/programming/ros2_ws/install/asv_description/share/asv_description/environment/path.dsv
-- Up-to-date: C:/Users/edvar/programming/ros2_ws/install/asv_description/share/asv_description/local_setup.bat
-- Up-to-date: C:/Users/edvar/programming/ros2_ws/install/asv_description/share/asv_description/local_setup.dsv
-- Up-to-date: C:/Users/edvar/programming/ros2_ws/install/asv_description/share/asv_description/package.dsv
-- Up-to-date: C:/Users/edvar/programming/ros2_ws/install/asv_description/share/ament_index/resource_index/packages/asv_description
-- Up-to-date: C:/Users/edvar/programming/ros2_ws/install/asv_description/share/asv_description/cmake/asv_descriptionConfig.cmake
-- Up-to-date: C:/Users/edvar/programming/ros2_ws/install/asv_description/share/asv_description/cmake/asv_descriptionConfig-version.cmake
-- Up-to-date: C:/Users/edvar/programming/ros2_ws/install/asv_description/share/asv_description/package.xml
