running egg_info
creating ..\..\build\asv_nav\asv_nav.egg-info
writing ..\..\build\asv_nav\asv_nav.egg-info\PKG-INFO
writing dependency_links to ..\..\build\asv_nav\asv_nav.egg-info\dependency_links.txt
writing entry points to ..\..\build\asv_nav\asv_nav.egg-info\entry_points.txt
writing requirements to ..\..\build\asv_nav\asv_nav.egg-info\requires.txt
writing top-level names to ..\..\build\asv_nav\asv_nav.egg-info\top_level.txt
writing manifest file '..\..\build\asv_nav\asv_nav.egg-info\SOURCES.txt'
reading manifest file '..\..\build\asv_nav\asv_nav.egg-info\SOURCES.txt'
writing manifest file '..\..\build\asv_nav\asv_nav.egg-info\SOURCES.txt'
running build
running build_py
creating C:\Users\edvar\programming\ros2_ws\build\asv_nav\build
creating C:\Users\edvar\programming\ros2_ws\build\asv_nav\build\lib
creating C:\Users\edvar\programming\ros2_ws\build\asv_nav\build\lib\asv_nav
copying asv_nav\odom_tf.py -> C:\Users\edvar\programming\ros2_ws\build\asv_nav\build\lib\asv_nav
copying asv_nav\__init__.py -> C:\Users\edvar\programming\ros2_ws\build\asv_nav\build\lib\asv_nav
running install
C:\Users\edvar\programming\ros2_ws\.pixi\envs\default\Lib\site-packages\setuptools\_distutils\cmd.py:66: SetuptoolsDeprecationWarning: setup.py install is deprecated.
!!

        ********************************************************************************
        Please avoid running ``setup.py`` directly.
        Instead, use pypa/build, pypa/installer or other
        standards-based tools.

        See https://blog.ganssle.io/articles/2021/10/setup-py-deprecated.html for details.
        ********************************************************************************

!!
  self.initialize_options()
running install_lib
creating C:\Users\edvar\programming\ros2_ws\install\asv_nav\Lib\site-packages\asv_nav
copying C:\Users\edvar\programming\ros2_ws\build\asv_nav\build\lib\asv_nav\odom_tf.py -> C:\Users\edvar\programming\ros2_ws\install\asv_nav\Lib\site-packages\asv_nav
copying C:\Users\edvar\programming\ros2_ws\build\asv_nav\build\lib\asv_nav\__init__.py -> C:\Users\edvar\programming\ros2_ws\install\asv_nav\Lib\site-packages\asv_nav
byte-compiling C:\Users\edvar\programming\ros2_ws\install\asv_nav\Lib\site-packages\asv_nav\odom_tf.py to odom_tf.cpython-39.pyc
byte-compiling C:\Users\edvar\programming\ros2_ws\install\asv_nav\Lib\site-packages\asv_nav\__init__.py to __init__.cpython-39.pyc
running install_data
creating C:\Users\edvar\programming\ros2_ws\install\asv_nav\share\ament_index
creating C:\Users\edvar\programming\ros2_ws\install\asv_nav\share\ament_index\resource_index
creating C:\Users\edvar\programming\ros2_ws\install\asv_nav\share\ament_index\resource_index\packages
copying resource\asv_nav -> C:\Users\edvar\programming\ros2_ws\install\asv_nav\share\ament_index\resource_index\packages
copying package.xml -> C:\Users\edvar\programming\ros2_ws\install\asv_nav\share\asv_nav
running install_egg_info
Copying ..\..\build\asv_nav\asv_nav.egg-info to C:\Users\edvar\programming\ros2_ws\install\asv_nav\Lib\site-packages\asv_nav-0.0.0-py3.9.egg-info
running install_scripts
Installing odom_tf-script.py script to C:\Users\edvar\programming\ros2_ws\install\asv_nav\lib\asv_nav
Installing odom_tf.exe script to C:\Users\edvar\programming\ros2_ws\install\asv_nav\lib\asv_nav
writing list of installed files to 'C:\Users\edvar\programming\ros2_ws\build\asv_nav\install.log'
