[2.579s] Invoking command in 'C:\Users\edvar\programming\ros2_ws\src\asv_nav': PIXI_PROMPT=(ros2_ws) PYTHONPATH=C:\Users\edvar\programming\ros2_ws\build\asv_nav\prefix_override;C:\Users\edvar\programming\ros2_ws\install\asv_nav\Lib\site-packages;%PYTHONPATH% C:\Users\edvar\programming\ros2_ws\.pixi\envs\default\python.exe setup.py egg_info --egg-base ..\..\build\asv_nav build --build-base C:\Users\edvar\programming\ros2_ws\build\asv_nav\build install --record C:\Users\edvar\programming\ros2_ws\build\asv_nav\install.log --single-version-externally-managed
[2.938s] running egg_info
[2.938s] creating ..\..\build\asv_nav\asv_nav.egg-info
[2.969s] writing ..\..\build\asv_nav\asv_nav.egg-info\PKG-INFO
[2.969s] writing dependency_links to ..\..\build\asv_nav\asv_nav.egg-info\dependency_links.txt
[2.969s] writing entry points to ..\..\build\asv_nav\asv_nav.egg-info\entry_points.txt
[2.969s] writing requirements to ..\..\build\asv_nav\asv_nav.egg-info\requires.txt
[2.969s] writing top-level names to ..\..\build\asv_nav\asv_nav.egg-info\top_level.txt
[2.969s] writing manifest file '..\..\build\asv_nav\asv_nav.egg-info\SOURCES.txt'
[3.016s] reading manifest file '..\..\build\asv_nav\asv_nav.egg-info\SOURCES.txt'
[3.016s] writing manifest file '..\..\build\asv_nav\asv_nav.egg-info\SOURCES.txt'
[3.016s] running build
[3.016s] running build_py
[3.016s] creating C:\Users\edvar\programming\ros2_ws\build\asv_nav\build
[3.016s] creating C:\Users\edvar\programming\ros2_ws\build\asv_nav\build\lib
[3.016s] creating C:\Users\edvar\programming\ros2_ws\build\asv_nav\build\lib\asv_nav
[3.016s] copying asv_nav\odom_tf.py -> C:\Users\edvar\programming\ros2_ws\build\asv_nav\build\lib\asv_nav
[3.016s] copying asv_nav\__init__.py -> C:\Users\edvar\programming\ros2_ws\build\asv_nav\build\lib\asv_nav
[3.016s] running install
[3.016s] C:\Users\edvar\programming\ros2_ws\.pixi\envs\default\Lib\site-packages\setuptools\_distutils\cmd.py:66: SetuptoolsDeprecationWarning: setup.py install is deprecated.
[3.016s] !!
[3.016s] 
[3.016s]         ********************************************************************************
[3.016s]         Please avoid running ``setup.py`` directly.
[3.016s]         Instead, use pypa/build, pypa/installer or other
[3.016s]         standards-based tools.
[3.016s] 
[3.016s]         See https://blog.ganssle.io/articles/2021/10/setup-py-deprecated.html for details.
[3.016s]         ********************************************************************************
[3.016s] 
[3.016s] !!
[3.016s]   self.initialize_options()
[3.016s] running install_lib
[3.047s] creating C:\Users\edvar\programming\ros2_ws\install\asv_nav\Lib\site-packages\asv_nav
[3.047s] copying C:\Users\edvar\programming\ros2_ws\build\asv_nav\build\lib\asv_nav\odom_tf.py -> C:\Users\edvar\programming\ros2_ws\install\asv_nav\Lib\site-packages\asv_nav
[3.047s] copying C:\Users\edvar\programming\ros2_ws\build\asv_nav\build\lib\asv_nav\__init__.py -> C:\Users\edvar\programming\ros2_ws\install\asv_nav\Lib\site-packages\asv_nav
[3.047s] byte-compiling C:\Users\edvar\programming\ros2_ws\install\asv_nav\Lib\site-packages\asv_nav\odom_tf.py to odom_tf.cpython-39.pyc
[3.047s] byte-compiling C:\Users\edvar\programming\ros2_ws\install\asv_nav\Lib\site-packages\asv_nav\__init__.py to __init__.cpython-39.pyc
[3.047s] running install_data
[3.063s] creating C:\Users\edvar\programming\ros2_ws\install\asv_nav\share\ament_index
[3.079s] creating C:\Users\edvar\programming\ros2_ws\install\asv_nav\share\ament_index\resource_index
[3.079s] creating C:\Users\edvar\programming\ros2_ws\install\asv_nav\share\ament_index\resource_index\packages
[3.079s] copying resource\asv_nav -> C:\Users\edvar\programming\ros2_ws\install\asv_nav\share\ament_index\resource_index\packages
[3.079s] copying package.xml -> C:\Users\edvar\programming\ros2_ws\install\asv_nav\share\asv_nav
[3.079s] running install_egg_info
[3.094s] Copying ..\..\build\asv_nav\asv_nav.egg-info to C:\Users\edvar\programming\ros2_ws\install\asv_nav\Lib\site-packages\asv_nav-0.0.0-py3.9.egg-info
[3.110s] running install_scripts
[3.313s] Installing odom_tf-script.py script to C:\Users\edvar\programming\ros2_ws\install\asv_nav\lib\asv_nav
[3.329s] Installing odom_tf.exe script to C:\Users\edvar\programming\ros2_ws\install\asv_nav\lib\asv_nav
[3.329s] writing list of installed files to 'C:\Users\edvar\programming\ros2_ws\build\asv_nav\install.log'
[3.407s] Invoked command in 'C:\Users\edvar\programming\ros2_ws\src\asv_nav' returned '0': PIXI_PROMPT=(ros2_ws) PYTHONPATH=C:\Users\edvar\programming\ros2_ws\build\asv_nav\prefix_override;C:\Users\edvar\programming\ros2_ws\install\asv_nav\Lib\site-packages;%PYTHONPATH% C:\Users\edvar\programming\ros2_ws\.pixi\envs\default\python.exe setup.py egg_info --egg-base ..\..\build\asv_nav build --build-base C:\Users\edvar\programming\ros2_ws\build\asv_nav\build install --record C:\Users\edvar\programming\ros2_ws\build\asv_nav\install.log --single-version-externally-managed
