CMake is re-running because C:/Users/edvar/programming/ros2_ws/build/asv_description/CMakeFiles/generate.stamp is out-of-date.
  the file 'C:/Users/edvar/programming/ros2_ws/src/asv_description/CMakeLists.txt'
  is newer than 'C:/Users/edvar/programming/ros2_ws/build/asv_description/CMakeFiles/generate.stamp.depend'
  result='-1'
-- Selecting Windows SDK version 10.0.22621.0 to target Windows 10.0.22000.
-- Found ament_cmake: 1.3.2 (C:/Users/edvar/programming/ros2_ws/.pixi/envs/default/Library/share/ament_cmake/cmake)
-- Configuring done (1.4s)
-- Generating done (0.3s)
-- Build files have been written to: C:/Users/edvar/programming/ros2_ws/build/asv_description
MSBuild version 17.9.5+33de0b227 for .NET Framework

-- Up-to-date: C:/Users/edvar/programming/ros2_ws/install/asv_description/share/asv_description/models
-- Up-to-date: C:/Users/edvar/programming/ros2_ws/install/asv_description/share/asv_description/models/engine
-- Up-to-date: C:/Users/edvar/programming/ros2_ws/install/asv_description/share/asv_description/models/engine/mesh
-- Up-to-date: C:/Users/edvar/programming/ros2_ws/install/asv_description/share/asv_description/models/engine/mesh/engine.dae
-- Up-to-date: C:/Users/edvar/programming/ros2_ws/install/asv_description/share/asv_description/models/engine/model.config
-- Up-to-date: C:/Users/edvar/programming/ros2_ws/install/asv_description/share/asv_description/models/propeller
-- Up-to-date: C:/Users/edvar/programming/ros2_ws/install/asv_description/share/asv_description/models/propeller/mesh
-- Up-to-date: C:/Users/edvar/programming/ros2_ws/install/asv_description/share/asv_description/models/propeller/mesh/propeller.dae
-- Up-to-date: C:/Users/edvar/programming/ros2_ws/install/asv_description/share/asv_description/models/propeller/model.config
-- Up-to-date: C:/Users/edvar/programming/ros2_ws/install/asv_description/share/asv_description/models/WAM-V-Base
-- Up-to-date: C:/Users/edvar/programming/ros2_ws/install/asv_description/share/asv_description/models/WAM-V-Base/mesh
-- Up-to-date: C:/Users/edvar/programming/ros2_ws/install/asv_description/share/asv_description/models/WAM-V-Base/mesh/WAM-V-Base.dae
-- Up-to-date: C:/Users/edvar/programming/ros2_ws/install/asv_description/share/asv_description/models/WAM-V-Base/mesh/WAM-V_Albedo.png
-- Up-to-date: C:/Users/edvar/programming/ros2_ws/install/asv_description/share/asv_description/models/WAM-V-Base/mesh/WAM-V_Metalness.png
-- Up-to-date: C:/Users/edvar/programming/ros2_ws/install/asv_description/share/asv_description/models/WAM-V-Base/mesh/WAM-V_Normal.png
-- Up-to-date: C:/Users/edvar/programming/ros2_ws/install/asv_description/share/asv_description/models/WAM-V-Base/mesh/WAM-V_Roughness.png
-- Up-to-date: C:/Users/edvar/programming/ros2_ws/install/asv_description/share/asv_description/models/WAM-V-Base/mesh/WamV.png
-- Up-to-date: C:/Users/edvar/programming/ros2_ws/install/asv_description/share/asv_description/models/WAM-V-Base/model.config
-- Up-to-date: C:/Users/edvar/programming/ros2_ws/install/asv_description/share/asv_description/urdf
-- Up-to-date: C:/Users/edvar/programming/ros2_ws/install/asv_description/share/asv_description/urdf/battery.xacro
-- Up-to-date: C:/Users/edvar/programming/ros2_ws/install/asv_description/share/asv_description/urdf/cpu_cases.xacro
-- Up-to-date: C:/Users/edvar/programming/ros2_ws/install/asv_description/share/asv_description/urdf/thrusters
-- Up-to-date: C:/Users/edvar/programming/ros2_ws/install/asv_description/share/asv_description/urdf/thrusters/engine.xacro
-- Up-to-date: C:/Users/edvar/programming/ros2_ws/install/asv_description/share/asv_description/urdf/wamv_base.urdf
-- Up-to-date: C:/Users/edvar/programming/ros2_ws/install/asv_description/share/ament_index/resource_index/package_run_dependencies/asv_description
-- Up-to-date: C:/Users/edvar/programming/ros2_ws/install/asv_description/share/ament_index/resource_index/parent_prefix_path/asv_description
-- Up-to-date: C:/Users/edvar/programming/ros2_ws/install/asv_description/share/asv_description/environment/ament_prefix_path.bat
-- Installing: C:/Users/edvar/programming/ros2_ws/install/asv_description/share/asv_description/environment/ament_prefix_path.dsv
-- Up-to-date: C:/Users/edvar/programming/ros2_ws/install/asv_description/share/asv_description/environment/path.bat
-- Installing: C:/Users/edvar/programming/ros2_ws/install/asv_description/share/asv_description/environment/path.dsv
-- Up-to-date: C:/Users/edvar/programming/ros2_ws/install/asv_description/share/asv_description/local_setup.bat
-- Installing: C:/Users/edvar/programming/ros2_ws/install/asv_description/share/asv_description/local_setup.dsv
-- Installing: C:/Users/edvar/programming/ros2_ws/install/asv_description/share/asv_description/package.dsv
-- Up-to-date: C:/Users/edvar/programming/ros2_ws/install/asv_description/share/ament_index/resource_index/packages/asv_description
-- Up-to-date: C:/Users/edvar/programming/ros2_ws/install/asv_description/share/asv_description/cmake/asv_descriptionConfig.cmake
-- Up-to-date: C:/Users/edvar/programming/ros2_ws/install/asv_description/share/asv_description/cmake/asv_descriptionConfig-version.cmake
-- Up-to-date: C:/Users/edvar/programming/ros2_ws/install/asv_description/share/asv_description/package.xml
