[0.203s] Invoking command in 'C:\Users\edvar\programming\ros2_ws\build\asv_description': CL=/MP CMAKE_PREFIX_PATH=C:\Users\edvar\programming\ros2_ws\.pixi\envs\default\Library PIXI_PROMPT=(ros2_ws) C:\Users\edvar\programming\ros2_ws\.pixi\envs\default\Library\bin\cmake.EXE --build C:\Users\edvar\programming\ros2_ws\build\asv_description --config Release
[0.234s] CMake is re-running because C:/Users/edvar/programming/ros2_ws/build/asv_description/CMakeFiles/generate.stamp is out-of-date.
[0.234s]   the file 'C:/Users/edvar/programming/ros2_ws/src/asv_description/CMakeLists.txt'
[0.234s]   is newer than 'C:/Users/edvar/programming/ros2_ws/build/asv_description/CMakeFiles/generate.stamp.depend'
[0.234s]   result='-1'
[0.250s] -- Selecting Windows SDK version 10.0.22621.0 to target Windows 10.0.22000.
[0.359s] -- Found ament_cmake: 1.3.2 (C:/Users/edvar/programming/ros2_ws/.pixi/envs/default/Library/share/ament_cmake/cmake)
[1.625s] -- Configuring done (1.4s)
[1.968s] -- Generating done (0.3s)
[1.968s] -- Build files have been written to: C:/Users/edvar/programming/ros2_ws/build/asv_description
[2.015s] MSBuild version 17.9.5+33de0b227 for .NET Framework
[2.031s] 
[2.250s] Invoked command in 'C:\Users\edvar\programming\ros2_ws\build\asv_description' returned '0': CL=/MP CMAKE_PREFIX_PATH=C:\Users\edvar\programming\ros2_ws\.pixi\envs\default\Library PIXI_PROMPT=(ros2_ws) C:\Users\edvar\programming\ros2_ws\.pixi\envs\default\Library\bin\cmake.EXE --build C:\Users\edvar\programming\ros2_ws\build\asv_description --config Release
[2.265s] Invoking command in 'C:\Users\edvar\programming\ros2_ws\build\asv_description': CMAKE_PREFIX_PATH=C:\Users\edvar\programming\ros2_ws\.pixi\envs\default\Library PIXI_PROMPT=(ros2_ws) C:\Users\edvar\programming\ros2_ws\.pixi\envs\default\Library\bin\cmake.EXE --install C:\Users\edvar\programming\ros2_ws\build\asv_description --config Release
[2.296s] -- Up-to-date: C:/Users/edvar/programming/ros2_ws/install/asv_description/share/asv_description/models
[2.296s] -- Up-to-date: C:/Users/edvar/programming/ros2_ws/install/asv_description/share/asv_description/models/engine
[2.296s] -- Up-to-date: C:/Users/edvar/programming/ros2_ws/install/asv_description/share/asv_description/models/engine/mesh
[2.296s] -- Up-to-date: C:/Users/edvar/programming/ros2_ws/install/asv_description/share/asv_description/models/engine/mesh/engine.dae
[2.296s] -- Up-to-date: C:/Users/edvar/programming/ros2_ws/install/asv_description/share/asv_description/models/engine/model.config
[2.296s] -- Up-to-date: C:/Users/edvar/programming/ros2_ws/install/asv_description/share/asv_description/models/propeller
[2.296s] -- Up-to-date: C:/Users/edvar/programming/ros2_ws/install/asv_description/share/asv_description/models/propeller/mesh
[2.296s] -- Up-to-date: C:/Users/edvar/programming/ros2_ws/install/asv_description/share/asv_description/models/propeller/mesh/propeller.dae
[2.296s] -- Up-to-date: C:/Users/edvar/programming/ros2_ws/install/asv_description/share/asv_description/models/propeller/model.config
[2.296s] -- Up-to-date: C:/Users/edvar/programming/ros2_ws/install/asv_description/share/asv_description/models/WAM-V-Base
[2.296s] -- Up-to-date: C:/Users/edvar/programming/ros2_ws/install/asv_description/share/asv_description/models/WAM-V-Base/mesh
[2.312s] -- Up-to-date: C:/Users/edvar/programming/ros2_ws/install/asv_description/share/asv_description/models/WAM-V-Base/mesh/WAM-V-Base.dae
[2.312s] -- Up-to-date: C:/Users/edvar/programming/ros2_ws/install/asv_description/share/asv_description/models/WAM-V-Base/mesh/WAM-V_Albedo.png
[2.312s] -- Up-to-date: C:/Users/edvar/programming/ros2_ws/install/asv_description/share/asv_description/models/WAM-V-Base/mesh/WAM-V_Metalness.png
[2.312s] -- Up-to-date: C:/Users/edvar/programming/ros2_ws/install/asv_description/share/asv_description/models/WAM-V-Base/mesh/WAM-V_Normal.png
[2.328s] -- Up-to-date: C:/Users/edvar/programming/ros2_ws/install/asv_description/share/asv_description/models/WAM-V-Base/mesh/WAM-V_Roughness.png
[2.328s] -- Up-to-date: C:/Users/edvar/programming/ros2_ws/install/asv_description/share/asv_description/models/WAM-V-Base/mesh/WamV.png
[2.328s] -- Up-to-date: C:/Users/edvar/programming/ros2_ws/install/asv_description/share/asv_description/models/WAM-V-Base/model.config
[2.328s] -- Up-to-date: C:/Users/edvar/programming/ros2_ws/install/asv_description/share/asv_description/urdf
[2.328s] -- Up-to-date: C:/Users/edvar/programming/ros2_ws/install/asv_description/share/asv_description/urdf/battery.xacro
[2.328s] -- Up-to-date: C:/Users/edvar/programming/ros2_ws/install/asv_description/share/asv_description/urdf/cpu_cases.xacro
[2.328s] -- Up-to-date: C:/Users/edvar/programming/ros2_ws/install/asv_description/share/asv_description/urdf/thrusters
[2.328s] -- Up-to-date: C:/Users/edvar/programming/ros2_ws/install/asv_description/share/asv_description/urdf/thrusters/engine.xacro
[2.328s] -- Up-to-date: C:/Users/edvar/programming/ros2_ws/install/asv_description/share/asv_description/urdf/wamv_base.urdf
[2.328s] -- Up-to-date: C:/Users/edvar/programming/ros2_ws/install/asv_description/share/ament_index/resource_index/package_run_dependencies/asv_description
[2.328s] -- Up-to-date: C:/Users/edvar/programming/ros2_ws/install/asv_description/share/ament_index/resource_index/parent_prefix_path/asv_description
[2.328s] -- Up-to-date: C:/Users/edvar/programming/ros2_ws/install/asv_description/share/asv_description/environment/ament_prefix_path.bat
[2.343s] -- Installing: C:/Users/edvar/programming/ros2_ws/install/asv_description/share/asv_description/environment/ament_prefix_path.dsv
[2.343s] -- Up-to-date: C:/Users/edvar/programming/ros2_ws/install/asv_description/share/asv_description/environment/path.bat
[2.343s] -- Installing: C:/Users/edvar/programming/ros2_ws/install/asv_description/share/asv_description/environment/path.dsv
[2.343s] -- Up-to-date: C:/Users/edvar/programming/ros2_ws/install/asv_description/share/asv_description/local_setup.bat
[2.343s] -- Installing: C:/Users/edvar/programming/ros2_ws/install/asv_description/share/asv_description/local_setup.dsv
[2.343s] -- Installing: C:/Users/edvar/programming/ros2_ws/install/asv_description/share/asv_description/package.dsv
[2.343s] -- Up-to-date: C:/Users/edvar/programming/ros2_ws/install/asv_description/share/ament_index/resource_index/packages/asv_description
[2.359s] -- Up-to-date: C:/Users/edvar/programming/ros2_ws/install/asv_description/share/asv_description/cmake/asv_descriptionConfig.cmake
[2.359s] -- Up-to-date: C:/Users/edvar/programming/ros2_ws/install/asv_description/share/asv_description/cmake/asv_descriptionConfig-version.cmake
[2.359s] -- Up-to-date: C:/Users/edvar/programming/ros2_ws/install/asv_description/share/asv_description/package.xml
[2.359s] Invoked command in 'C:\Users\edvar\programming\ros2_ws\build\asv_description' returned '0': CMAKE_PREFIX_PATH=C:\Users\edvar\programming\ros2_ws\.pixi\envs\default\Library PIXI_PROMPT=(ros2_ws) C:\Users\edvar\programming\ros2_ws\.pixi\envs\default\Library\bin\cmake.EXE --install C:\Users\edvar\programming\ros2_ws\build\asv_description --config Release
