[0.000000] (-) TimerEvent: {}
[0.000000] (asv_description) JobQueued: {'identifier': 'asv_description', 'dependencies': OrderedDict()}
[0.000000] (asv_description) JobStarted: {'identifier': 'asv_description'}
[0.109000] (-) TimerEvent: {}
[0.219000] (-) TimerEvent: {}
[0.250000] (asv_description) JobProgress: {'identifier': 'asv_description', 'progress': 'cmake'}
[0.250000] (asv_description) Command: {'cmd': ['C:\\Users\\edvar\\programming\\ros2_ws\\.pixi\\envs\\default\\Library\\bin\\cmake.EXE', 'C:\\Users\\edvar\\programming\\ros2_ws\\src\\asv_description', '-DCMAKE_INSTALL_PREFIX=C:\\Users\\edvar\\programming\\ros2_ws\\install\\asv_description', '-G', 'Visual Studio 17 2022'], 'cwd': 'C:\\Users\\edvar\\programming\\ros2_ws\\build\\asv_description', 'env': OrderedDict([('CMAKE_GENERATOR_TOOLSET', 'v142'), ('VSCMD_ARG_HOST_ARCH', 'x64'), ('XML_CATALOG_FILES', 'file:///C:/Users/edvar/programming/ros2_ws/.pixi/envs/default/etc/xml/catalog'), ('OS', 'Windows_NT'), ('USE_NEW_CMAKE_GEN_SYNTAX', '1'), ('Path', 'C:\\Program Files\\Microsoft Visual Studio\\2022\\Community\\VC\\Tools\\MSVC\\14.39.33519\\bin\\HostX64\\x64;C:\\Program Files\\Microsoft Visual Studio\\2022\\Community\\Common7\\IDE\\VC\\VCPackages;C:\\Program Files\\Microsoft Visual Studio\\2022\\Community\\Common7\\IDE\\CommonExtensions\\Microsoft\\TestWindow;C:\\Program Files\\Microsoft Visual Studio\\2022\\Community\\Common7\\IDE\\CommonExtensions\\Microsoft\\TeamFoundation\\Team Explorer;C:\\Program Files\\Microsoft Visual Studio\\2022\\Community\\MSBuild\\Current\\bin\\Roslyn;C:\\Program Files\\Microsoft Visual Studio\\2022\\Community\\Team Tools\\DiagnosticsHub\\Collector;C:\\Program Files (x86)\\Windows Kits\\10\\bin\\10.0.22621.0\\\\x64;C:\\Program Files (x86)\\Windows Kits\\10\\bin\\\\x64;C:\\Program Files\\Microsoft Visual Studio\\2022\\Community\\\\MSBuild\\Current\\Bin\\amd64;C:\\Windows\\Microsoft.NET\\Framework64\\v4.0.30319;C:\\Program Files\\Microsoft Visual Studio\\2022\\Community\\Common7\\IDE\\;C:\\Program Files\\Microsoft Visual Studio\\2022\\Community\\Common7\\Tools\\;C:\\Program Files\\Microsoft Visual Studio\\2022\\Community\\Common7\\IDE\\CommonExtensions\\Microsoft\\TestWindow;C:\\Program Files\\Microsoft Visual Studio\\2022\\Community\\Common7\\IDE\\CommonExtensions\\Microsoft\\TeamFoundation\\Team Explorer;C:\\Program Files\\Microsoft Visual Studio\\2022\\Community\\MSBuild\\Current\\bin\\Roslyn;C:\\Program Files\\Microsoft Visual Studio\\2022\\Community\\Team Tools\\DiagnosticsHub\\Collector;C:\\Program Files (x86)\\Windows Kits\\10\\bin\\10.0.22621.0\\\\x64;C:\\Program Files (x86)\\Windows Kits\\10\\bin\\\\x64;C:\\Program Files\\Microsoft Visual Studio\\2022\\Community\\\\MSBuild\\Current\\Bin\\amd64;C:\\Windows\\Microsoft.NET\\Framework64\\v4.0.30319;C:\\Program Files\\Microsoft Visual Studio\\2022\\Community\\Common7\\IDE\\;C:\\Program Files\\Microsoft Visual Studio\\2022\\Community\\Common7\\Tools\\;C:\\Users\\edvar\\programming\\ros2_ws\\.pixi\\envs\\default\\Library\\bin;C:\\Users\\edvar\\programming\\ros2_ws\\.pixi\\envs\\default;C:\\Users\\edvar\\programming\\ros2_ws\\.pixi\\envs\\default\\Library/mingw-w64/bin;C:\\Users\\edvar\\programming\\ros2_ws\\.pixi\\envs\\default\\Library/usr/bin;C:\\Users\\edvar\\programming\\ros2_ws\\.pixi\\envs\\default\\Library/bin;C:\\Users\\edvar\\programming\\ros2_ws\\.pixi\\envs\\default\\Scripts;C:\\Users\\edvar\\programming\\ros2_ws\\.pixi\\envs\\default\\bin;C:\\Program Files (x86)\\VMware\\VMware Player\\bin\\;C:\\WINDOWS\\system32;C:\\WINDOWS;C:\\WINDOWS\\System32\\Wbem;C:\\WINDOWS\\System32\\WindowsPowerShell\\v1.0\\;C:\\WINDOWS\\System32\\OpenSSH\\;C:\\Program Files\\Docker\\Docker\\resources\\bin;C:\\Program Files\\Git\\cmd;C:\\Program Files\\dotnet\\;C:\\Program Files (x86)\\Windows Kits\\10\\Windows Performance Toolkit\\;C:\\Users\\edvar\\.pixi\\bin;C:\\Users\\edvar\\AppData\\Local\\Microsoft\\WindowsApps;C:\\Users\\edvar\\AppData\\Local\\Programs\\Microsoft VS Code\\bin;C:\\ProgramData\\edvar\\GitHubDesktop\\bin;C:\\Users\\edvar\\AppData\\Local\\GitHubDesktop\\bin;C:\\Users\\edvar\\.dotnet\\tools;C:\\Program Files\\Microsoft Visual Studio\\2022\\Community\\Common7\\IDE\\CommonExtensions\\Microsoft\\CMake\\CMake\\bin;C:\\Program Files\\Microsoft Visual Studio\\2022\\Community\\Common7\\IDE\\CommonExtensions\\Microsoft\\CMake\\Ninja;C:\\Program Files\\Microsoft Visual Studio\\2022\\Community\\Common7\\IDE\\VC\\Linux\\bin\\ConnectionManagerExe;C:\\Program Files\\Microsoft Visual Studio\\2022\\Community\\VC\\vcpkg;C:\\Program Files\\Microsoft Visual Studio\\2022\\Community\\Common7\\IDE\\CommonExtensions\\Microsoft\\CMake\\CMake\\bin;C:\\Program Files\\Microsoft Visual Studio\\2022\\Community\\Common7\\IDE\\CommonExtensions\\Microsoft\\CMake\\Ninja;C:\\Program Files\\Microsoft Visual Studio\\2022\\Community\\Common7\\IDE\\VC\\Linux\\bin\\ConnectionManagerExe;C:\\Program Files\\Microsoft Visual Studio\\2022\\Community\\VC\\vcpkg'), ('CMAKE_GENERATOR_PLATFORM', 'x64'), ('PSModulePath', 'C:\\Users\\edvar\\Documents\\WindowsPowerShell\\Modules;C:\\Program Files\\WindowsPowerShell\\Modules;C:\\WINDOWS\\system32\\WindowsPowerShell\\v1.0\\Modules'), ('ExtensionSdkDir', 'C:\\Program Files (x86)\\Microsoft SDKs\\Windows Kits\\10\\ExtensionSDKs'), ('VS_MAJOR', '17'), ('NEWER_VS_WITH_OLDER_VC', '0'), ('AMENT_PREFIX_PATH', 'C:\\Users\\edvar\\programming\\ros2_ws\\.pixi\\envs\\default\\Library'), ('ProgramData', 'C:\\ProgramData'), ('VCIDEInstallDir', 'C:\\Program Files\\Microsoft Visual Studio\\2022\\Community\\Common7\\IDE\\VC\\'), ('VSINSTALLDIR', 'C:\\Program Files\\Microsoft Visual Studio\\2022\\Community\\'), ('Framework40Version', 'v4.0'), ('WindowsSDKVersion', '10.0.22621.0\\'), ('OneDriveConsumer', 'C:\\Users\\edvar\\OneDrive'), ('__VSCMD_PREINIT_PATH', 'C:\\Users\\edvar\\programming\\ros2_ws\\.pixi\\envs\\default\\Library\\bin;C:\\Users\\edvar\\programming\\ros2_ws\\.pixi\\envs\\default;C:\\Users\\edvar\\programming\\ros2_ws\\.pixi\\envs\\default\\Library/mingw-w64/bin;C:\\Users\\edvar\\programming\\ros2_ws\\.pixi\\envs\\default\\Library/usr/bin;C:\\Users\\edvar\\programming\\ros2_ws\\.pixi\\envs\\default\\Library/bin;C:\\Users\\edvar\\programming\\ros2_ws\\.pixi\\envs\\default\\Scripts;C:\\Users\\edvar\\programming\\ros2_ws\\.pixi\\envs\\default\\bin;C:\\Program Files (x86)\\VMware\\VMware Player\\bin\\;C:\\WINDOWS\\system32;C:\\WINDOWS;C:\\WINDOWS\\System32\\Wbem;C:\\WINDOWS\\System32\\WindowsPowerShell\\v1.0\\;C:\\WINDOWS\\System32\\OpenSSH\\;C:\\Program Files\\Docker\\Docker\\resources\\bin;C:\\Program Files\\Git\\cmd;C:\\Program Files\\dotnet\\;C:\\Program Files (x86)\\Windows Kits\\10\\Windows Performance Toolkit\\;C:\\Users\\edvar\\.pixi\\bin;C:\\Users\\edvar\\AppData\\Local\\Microsoft\\WindowsApps;C:\\Users\\edvar\\AppData\\Local\\Programs\\Microsoft VS Code\\bin;C:\\ProgramData\\edvar\\GitHubDesktop\\bin;C:\\Users\\edvar\\AppData\\Local\\GitHubDesktop\\bin;C:\\Users\\edvar\\.dotnet\\tools'), ('ComSpec', 'C:\\WINDOWS\\system32\\cmd.exe'), ('QT_PLUGIN_PATH', 'C:\\Users\\edvar\\programming\\ros2_ws\\.pixi\\envs\\default\\Library\\plugins'), ('TERM_PROGRAM_VERSION', '1.86.2'), ('PROCESSOR_REVISION', '2100'), ('INCLUDE', 'C:\\Program Files\\Microsoft Visual Studio\\2022\\Community\\VC\\Tools\\MSVC\\14.39.33519\\include;C:\\Program Files\\Microsoft Visual Studio\\2022\\Community\\VC\\Tools\\MSVC\\14.39.33519\\ATLMFC\\include;C:\\Program Files\\Microsoft Visual Studio\\2022\\Community\\VC\\Auxiliary\\VS\\include;C:\\Program Files (x86)\\Windows Kits\\10\\include\\10.0.22621.0\\ucrt;C:\\Program Files (x86)\\Windows Kits\\10\\\\include\\10.0.22621.0\\\\um;C:\\Program Files (x86)\\Windows Kits\\10\\\\include\\10.0.22621.0\\\\shared;C:\\Program Files (x86)\\Windows Kits\\10\\\\include\\10.0.22621.0\\\\winrt;C:\\Program Files (x86)\\Windows Kits\\10\\\\include\\10.0.22621.0\\\\cppwinrt;C:\\Program Files (x86)\\Windows Kits\\10\\include\\10.0.22621.0\\ucrt;C:\\Program Files (x86)\\Windows Kits\\10\\\\include\\10.0.22621.0\\\\um;C:\\Program Files (x86)\\Windows Kits\\10\\\\include\\10.0.22621.0\\\\shared;C:\\Program Files (x86)\\Windows Kits\\10\\\\include\\10.0.22621.0\\\\winrt;C:\\Program Files (x86)\\Windows Kits\\10\\\\include\\10.0.22621.0\\\\cppwinrt'), ('VCPKG_ROOT', 'C:\\Program Files\\Microsoft Visual Studio\\2022\\Community\\VC\\vcpkg'), ('CC', 'cl.exe'), ('ROS_ETC_DIR', 'C:\\Users\\edvar\\programming\\ros2_ws\\.pixi\\envs\\default\\Library\\etc\\ros'), ('NUMBER_OF_PROCESSORS', '12'), ('VCINSTALLDIR', 'C:\\Program Files\\Microsoft Visual Studio\\2022\\Community\\VC\\'), ('VisualStudioVersion', '17.0'), ('ProgramFiles(x86)', 'C:\\Program Files (x86)'), ('VSCODE_INJECTION', '1'), ('ProgramW6432', 'C:\\Program Files'), ('PIXI_ENVIRONMENT_NAME', 'default'), ('TERM_PROGRAM', 'vscode'), ('PROCESSOR_LEVEL', '25'), ('LIBPATH', 'C:\\Program Files\\Microsoft Visual Studio\\2022\\Community\\VC\\Tools\\MSVC\\14.39.33519\\ATLMFC\\lib\\x64;C:\\Program Files\\Microsoft Visual Studio\\2022\\Community\\VC\\Tools\\MSVC\\14.39.33519\\lib\\x64;C:\\Program Files\\Microsoft Visual Studio\\2022\\Community\\VC\\Tools\\MSVC\\14.39.33519\\lib\\x86\\store\\references;C:\\Program Files (x86)\\Windows Kits\\10\\UnionMetadata\\10.0.22621.0;C:\\Program Files (x86)\\Windows Kits\\10\\References\\10.0.22621.0;C:\\Windows\\Microsoft.NET\\Framework64\\v4.0.30319;C:\\Program Files (x86)\\Windows Kits\\10\\UnionMetadata\\10.0.22621.0;C:\\Program Files (x86)\\Windows Kits\\10\\References\\10.0.22621.0;C:\\Windows\\Microsoft.NET\\Framework64\\v4.0.30319'), ('SystemDrive', 'C:'), ('SESSIONNAME', 'Console'), ('VSCMD_VER', '17.9.0'), ('LANG', 'en_US.UTF-8'), ('MSSdk', '1'), ('USERPROFILE', 'C:\\Users\\edvar'), ('CMAKE_PLAT', 'x64'), ('FrameworkDir', 'C:\\Windows\\Microsoft.NET\\Framework64\\'), ('VSCODE_GIT_ASKPASS_EXTRA_ARGS', ''), ('VCToolsRedistDir', 'C:\\Program Files\\Microsoft Visual Studio\\2022\\Community\\VC\\Redist\\MSVC\\14.38.33135\\'), ('CommonProgramFiles(x86)', 'C:\\Program Files (x86)\\Common Files'), ('VS_VERSION', '17.0'), ('WindowsSdkBinPath', 'C:\\Program Files (x86)\\Windows Kits\\10\\bin\\'), ('__VSCMD_PREINIT_VS170COMNTOOLS', 'C:\\Program Files\\Microsoft Visual Studio\\2022\\Community\\Common7\\Tools\\'), ('CONDA_PREFIX', 'C:\\Users\\edvar\\programming\\ros2_ws\\.pixi\\envs\\default'), ('VSCODE_GIT_ASKPASS_NODE', 'C:\\Users\\edvar\\AppData\\Local\\Programs\\Microsoft VS Code\\Code.exe'), ('GIT_ASKPASS', 'c:\\Users\\edvar\\AppData\\Local\\Programs\\Microsoft VS Code\\resources\\app\\extensions\\git\\dist\\askpass.sh'), ('COMPUTERNAME', 'EDVART_PC'), ('ROS_PYTHON_VERSION', '3'), ('HOMEDRIVE', 'C:'), ('PIXI_PROMPT', '(ros2_ws)'), ('CMAKE_GENERATOR', 'Visual Studio 16 2019'), ('PROCESSOR_ARCHITECTURE', 'AMD64'), ('CHROME_CRASHPAD_PIPE_NAME', '\\\\.\\pipe\\crashpad_27236_ZLIQAUEYEMCXHCPL'), ('FrameworkDir64', 'C:\\Windows\\Microsoft.NET\\Framework64\\'), ('LIB', 'C:\\Program Files\\Microsoft Visual Studio\\2022\\Community\\VC\\Tools\\MSVC\\14.39.33519\\ATLMFC\\lib\\x64;C:\\Program Files\\Microsoft Visual Studio\\2022\\Community\\VC\\Tools\\MSVC\\14.39.33519\\lib\\x64;C:\\Program Files (x86)\\Windows Kits\\10\\lib\\10.0.22621.0\\ucrt\\x64;C:\\Program Files (x86)\\Windows Kits\\10\\\\lib\\10.0.22621.0\\\\um\\x64;C:\\Program Files (x86)\\Windows Kits\\10\\lib\\10.0.22621.0\\ucrt\\x64;C:\\Program Files (x86)\\Windows Kits\\10\\\\lib\\10.0.22621.0\\\\um\\x64;;C:\\Users\\edvar\\programming\\ros2_ws\\.pixi\\envs\\default\\Library\\lib'), ('WindowsLibPath', 'C:\\Program Files (x86)\\Windows Kits\\10\\UnionMetadata\\10.0.22621.0;C:\\Program Files (x86)\\Windows Kits\\10\\References\\10.0.22621.0'), ('ROS_LOCALHOST_ONLY', '0'), ('PUBLIC', 'C:\\Users\\Public'), ('MSYS2_ARG_CONV_EXCL', '/AI;/AL;/OUT;/out'), ('ament_python_executable', 'C:\\Users\\edvar\\programming\\ros2_ws\\.pixi\\envs\\default\\Library\\python.exe'), ('windir', 'C:\\WINDOWS'), ('WindowsSdkDir', 'C:\\Program Files (x86)\\Windows Kits\\10\\'), ('COLCON', '1'), ('WindowsSDKVer', '10.0.22621.0'), ('ROS_VERSION', '2'), ('VSCMD_ARG_TGT_ARCH', 'x64'), ('PROCESSOR_IDENTIFIER', 'AMD64 Family 25 Model 33 Stepping 0, AuthenticAMD'), ('PIXI_PROJECT_VERSION', '0.1.0'), ('APPDATA', 'C:\\Users\\edvar\\AppData\\Roaming'), ('HOMEPATH', '\\Users\\edvar'), ('ORIGINAL_XDG_CURRENT_DESKTOP', 'undefined'), ('VSCODE_GIT_IPC_HANDLE', '\\\\.\\pipe\\vscode-git-dc75eb4e62-sock'), ('WindowsSdkVerBinPath', 'C:\\Program Files (x86)\\Windows Kits\\10\\bin\\10.0.22621.0\\'), ('TMP', 'C:\\Users\\edvar\\AppData\\Local\\Temp'), ('CONDA_DEFAULT_ENV', 'ros2_ws'), ('PATHEXT', '.COM;.EXE;.BAT;.CMD;.VBS;.VBE;.JS;.JSE;.WSF;.WSH;.MSC;.CPL'), ('CommandPromptType', 'Native'), ('LOCALAPPDATA', 'C:\\Users\\edvar\\AppData\\Local'), ('__DOTNET_ADD_64BIT', '1'), ('CMAKE_GEN', 'Visual Studio 17 2022'), ('ProgramFiles', 'C:\\Program Files'), ('FrameworkVersion', 'v4.0.30319'), ('PY_VCRUNTIME_REDIST', '\\bin\\vcruntime140.dll'), ('CPATH', ';C:\\Users\\edvar\\programming\\ros2_ws\\.pixi\\envs\\default\\Library\\include'), ('ROS_OS_OVERRIDE', 'conda:win64'), ('PYTHONPATH', 'C:\\Users\\edvar\\programming\\ros2_ws\\.pixi\\envs\\default\\Library\\lib/site-packages;C:/Users/edvar/programming/ros2_ws/.pixi/envs/default\\Lib\\site-packages'), ('VS170COMNTOOLS', 'C:\\Program Files\\Microsoft Visual Studio\\2022\\Community\\Common7\\Tools\\'), ('VSCODE_GIT_ASKPASS_MAIN', 'c:\\Users\\edvar\\AppData\\Local\\Programs\\Microsoft VS Code\\resources\\app\\extensions\\git\\dist\\askpass-main.js'), ('UCRTVersion', '10.0.22621.0'), ('FrameworkVersion64', 'v4.0.30319'), ('OneDrive', 'C:\\Users\\edvar\\OneDrive'), ('PIXI_PROJECT_ROOT', 'C:\\Users\\edvar\\programming\\ros2_ws'), ('VS_YEAR', '2022'), ('USERNAME', 'edvar'), ('CMAKE_ARGS', '-DCMAKE_BUILD_TYPE=Release'), ('TEMP', 'C:\\Users\\edvar\\AppData\\Local\\Temp'), ('VCVARSBAT', '64'), ('UniversalCRTSdkDir', 'C:\\Program Files (x86)\\Windows Kits\\10\\'), ('Platform', 'x64'), ('DriverData', 'C:\\Windows\\System32\\Drivers\\DriverData'), ('LOGONSERVER', '\\\\EDVART_PC'), ('VSCMD_ARG_app_plat', 'Desktop'), ('PIXI_ENVIRONMENT_PLATFORMS', 'win-64'), ('COLORTERM', 'truecolor'), ('DISTUTILS_USE_SDK', '1'), ('ROS_DISTRO', 'humble'), ('USERDOMAIN', 'EDVART_PC'), ('CommonProgramW6432', 'C:\\Program Files\\Common Files'), ('CONDA_BUILD_CROSS_COMPILATION', '0'), ('ALLUSERSPROFILE', 'C:\\ProgramData'), ('DevEnvDir', 'C:\\Program Files\\Microsoft Visual Studio\\2022\\Community\\Common7\\IDE\\'), ('EXTERNAL_INCLUDE', 'C:\\Program Files\\Microsoft Visual Studio\\2022\\Community\\VC\\Tools\\MSVC\\14.39.33519\\include;C:\\Program Files\\Microsoft Visual Studio\\2022\\Community\\VC\\Tools\\MSVC\\14.39.33519\\ATLMFC\\include;C:\\Program Files\\Microsoft Visual Studio\\2022\\Community\\VC\\Auxiliary\\VS\\include;C:\\Program Files (x86)\\Windows Kits\\10\\include\\10.0.22621.0\\ucrt;C:\\Program Files (x86)\\Windows Kits\\10\\\\include\\10.0.22621.0\\\\um;C:\\Program Files (x86)\\Windows Kits\\10\\\\include\\10.0.22621.0\\\\shared;C:\\Program Files (x86)\\Windows Kits\\10\\\\include\\10.0.22621.0\\\\winrt;C:\\Program Files (x86)\\Windows Kits\\10\\\\include\\10.0.22621.0\\\\cppwinrt;C:\\Program Files (x86)\\Windows Kits\\10\\include\\10.0.22621.0\\ucrt;C:\\Program Files (x86)\\Windows Kits\\10\\\\include\\10.0.22621.0\\\\um;C:\\Program Files (x86)\\Windows Kits\\10\\\\include\\10.0.22621.0\\\\shared;C:\\Program Files (x86)\\Windows Kits\\10\\\\include\\10.0.22621.0\\\\winrt;C:\\Program Files (x86)\\Windows Kits\\10\\\\include\\10.0.22621.0\\\\cppwinrt'), ('CommonProgramFiles', 'C:\\Program Files\\Common Files'), ('PROJ_LIB', 'C:\\Users\\edvar\\programming\\ros2_ws\\.pixi\\envs\\default\\Library\\share\\proj'), ('PIXI_PROJECT_MANIFEST', 'C:\\Users\\edvar\\programming\\ros2_ws\\pixi.toml'), ('__DOTNET_PREFERRED_BITNESS', '64'), ('VCToolsInstallDir', 'C:\\Program Files\\Microsoft Visual Studio\\2022\\Community\\VC\\Tools\\MSVC\\14.39.33519\\'), ('MSYS2_ENV_CONV_EXCL', 'CL'), ('USERDOMAIN_ROAMINGPROFILE', 'EDVART_PC'), ('CXX', 'cl.exe'), ('WindowsSDKLibVersion', '10.0.22621.0\\'), ('SystemRoot', 'C:\\WINDOWS'), ('PROJ_NETWORK', 'ON'), ('VCToolsVersion', '14.39.33519'), ('PIXI_PROJECT_NAME', 'ros2_ws'), ('CMAKE_PREFIX_PATH', 'C:\\Users\\edvar\\programming\\ros2_ws\\.pixi\\envs\\default\\Library')]), 'shell': False}
[0.328000] (-) TimerEvent: {}
[0.437000] (asv_description) StdoutLine: {'line': b'-- Selecting Windows SDK version 10.0.22621.0 to target Windows 10.0.22000.\n'}
[0.437000] (-) TimerEvent: {}
[0.547000] (-) TimerEvent: {}
[0.656000] (-) TimerEvent: {}
[0.766000] (-) TimerEvent: {}
[0.875000] (-) TimerEvent: {}
[0.984000] (-) TimerEvent: {}
[1.094000] (-) TimerEvent: {}
[1.203000] (-) TimerEvent: {}
[1.312000] (-) TimerEvent: {}
[1.422000] (-) TimerEvent: {}
[1.531000] (-) TimerEvent: {}
[1.641000] (-) TimerEvent: {}
[1.750000] (-) TimerEvent: {}
[1.859000] (-) TimerEvent: {}
[1.969000] (-) TimerEvent: {}
[2.078000] (-) TimerEvent: {}
[2.187000] (-) TimerEvent: {}
[2.297000] (-) TimerEvent: {}
[2.375000] (asv_description) StdoutLine: {'line': b'-- The C compiler identification is MSVC 19.39.33519.0\n'}
[2.406000] (-) TimerEvent: {}
[2.516000] (-) TimerEvent: {}
[2.625000] (-) TimerEvent: {}
[2.734000] (-) TimerEvent: {}
[2.844000] (-) TimerEvent: {}
[2.953000] (-) TimerEvent: {}
[3.062000] (-) TimerEvent: {}
[3.172000] (asv_description) StdoutLine: {'line': b'-- The CXX compiler identification is MSVC 19.39.33519.0\n'}
[3.172000] (-) TimerEvent: {}
[3.281000] (-) TimerEvent: {}
[3.312000] (asv_description) StdoutLine: {'line': b'-- Detecting C compiler ABI info\n'}
[3.406000] (-) TimerEvent: {}
[3.516000] (-) TimerEvent: {}
[3.625000] (-) TimerEvent: {}
[3.734000] (-) TimerEvent: {}
[3.844000] (-) TimerEvent: {}
[3.953000] (-) TimerEvent: {}
[4.031000] (asv_description) StdoutLine: {'line': b'-- Detecting C compiler ABI info - done\n'}
[4.062000] (-) TimerEvent: {}
[4.062000] (asv_description) StdoutLine: {'line': b'-- Check for working C compiler: C:/Program Files/Microsoft Visual Studio/2022/Community/VC/Tools/MSVC/14.39.33519/bin/Hostx64/x64/cl.exe - skipped\n'}
[4.062000] (asv_description) StdoutLine: {'line': b'-- Detecting C compile features\n'}
[4.078000] (asv_description) StdoutLine: {'line': b'-- Detecting C compile features - done\n'}
[4.141000] (asv_description) StdoutLine: {'line': b'-- Detecting CXX compiler ABI info\n'}
[4.172000] (-) TimerEvent: {}
[4.281000] (-) TimerEvent: {}
[4.391000] (-) TimerEvent: {}
[4.500000] (-) TimerEvent: {}
[4.609000] (-) TimerEvent: {}
[4.719000] (-) TimerEvent: {}
[4.781000] (asv_description) StdoutLine: {'line': b'-- Detecting CXX compiler ABI info - done\n'}
[4.812000] (asv_description) StdoutLine: {'line': b'-- Check for working CXX compiler: C:/Program Files/Microsoft Visual Studio/2022/Community/VC/Tools/MSVC/14.39.33519/bin/Hostx64/x64/cl.exe - skipped\n'}
[4.812000] (asv_description) StdoutLine: {'line': b'-- Detecting CXX compile features\n'}
[4.828000] (asv_description) StdoutLine: {'line': b'-- Detecting CXX compile features - done\n'}
[4.828000] (-) TimerEvent: {}
[4.859000] (asv_description) StdoutLine: {'line': b'-- Found ament_cmake: 1.3.2 (C:/Users/edvar/programming/ros2_ws/.pixi/envs/default/Library/share/ament_cmake/cmake)\n'}
[4.953000] (-) TimerEvent: {}
[5.062000] (-) TimerEvent: {}
[5.172000] (-) TimerEvent: {}
[5.281000] (-) TimerEvent: {}
[5.391000] (-) TimerEvent: {}
[5.500000] (-) TimerEvent: {}
[5.609000] (-) TimerEvent: {}
[5.719000] (-) TimerEvent: {}
[5.828000] (-) TimerEvent: {}
[5.937000] (-) TimerEvent: {}
[6.047000] (-) TimerEvent: {}
[6.156000] (-) TimerEvent: {}
[6.266000] (-) TimerEvent: {}
[6.375000] (-) TimerEvent: {}
[6.484000] (-) TimerEvent: {}
[6.594000] (-) TimerEvent: {}
[6.703000] (-) TimerEvent: {}
[6.812000] (-) TimerEvent: {}
[6.922000] (-) TimerEvent: {}
[7.031000] (-) TimerEvent: {}
[7.141000] (-) TimerEvent: {}
[7.250000] (-) TimerEvent: {}
[7.359000] (-) TimerEvent: {}
[7.469000] (-) TimerEvent: {}
[7.547000] (asv_description) StdoutLine: {'line': b'-- Found Python3: C:/Program Files/WindowsApps/PythonSoftwareFoundation.Python.3.12_3.12.752.0_x64__qbz5n2kfra8p0/python3.12.exe (found version "3.12.2") found components: Interpreter \n'}
[7.578000] (-) TimerEvent: {}
[7.687000] (-) TimerEvent: {}
[7.797000] (-) TimerEvent: {}
[7.906000] (-) TimerEvent: {}
[8.016000] (-) TimerEvent: {}
[8.125000] (-) TimerEvent: {}
[8.234000] (-) TimerEvent: {}
[8.344000] (-) TimerEvent: {}
[8.453000] (-) TimerEvent: {}
[8.562000] (-) TimerEvent: {}
[8.672000] (-) TimerEvent: {}
[8.687000] (asv_description) StderrLine: {'line': b'CMake Error at CMakeLists.txt:5 (find_package):\n'}
[8.687000] (asv_description) StderrLine: {'line': b'  By not providing "Findxacro.cmake" in CMAKE_MODULE_PATH this project has\n'}
[8.687000] (asv_description) StderrLine: {'line': b'  asked CMake to find a package configuration file provided by "xacro", but\n'}
[8.687000] (asv_description) StderrLine: {'line': b'  CMake did not find one.\n'}
[8.687000] (asv_description) StderrLine: {'line': b'\n'}
[8.687000] (asv_description) StderrLine: {'line': b'  Could not find a package configuration file provided by "xacro" with any of\n'}
[8.687000] (asv_description) StderrLine: {'line': b'  the following names:\n'}
[8.687000] (asv_description) StderrLine: {'line': b'\n'}
[8.687000] (asv_description) StderrLine: {'line': b'    xacroConfig.cmake\n'}
[8.687000] (asv_description) StderrLine: {'line': b'    xacro-config.cmake\n'}
[8.687000] (asv_description) StderrLine: {'line': b'\n'}
[8.687000] (asv_description) StderrLine: {'line': b'  Add the installation prefix of "xacro" to CMAKE_PREFIX_PATH or set\n'}
[8.687000] (asv_description) StderrLine: {'line': b'  "xacro_DIR" to a directory containing one of the above files.  If "xacro"\n'}
[8.687000] (asv_description) StderrLine: {'line': b'  provides a separate development package or SDK, be sure it has been\n'}
[8.687000] (asv_description) StderrLine: {'line': b'  installed.\n'}
[8.687000] (asv_description) StderrLine: {'line': b'\n'}
[8.687000] (asv_description) StderrLine: {'line': b'\n'}
[8.687000] (asv_description) StdoutLine: {'line': b'-- Configuring incomplete, errors occurred!\n'}
[8.719000] (asv_description) CommandEnded: {'returncode': 1}
[8.781000] (asv_description) JobEnded: {'identifier': 'asv_description', 'rc': 1}
[8.781000] (-) TimerEvent: {}
[8.797000] (-) EventReactorShutdown: {}
