[0.626s] [34mcolcon[0m [1;30mDEBUG[0m [32mCommand line arguments: ['C:\\Users\\edvar\\programming\\ros2_ws\\.pixi\\envs\\default\\Scripts\\colcon', 'build'][0m
[0.626s] [34mcolcon[0m [1;30mDEBUG[0m [32mParsed command line arguments: Namespace(log_base=None, log_level=None, verb_name='build', build_base='build', install_base='install', merge_install=False, symlink_install=False, test_result_base=None, continue_on_error=False, executor='parallel', parallel_workers=12, event_handlers=None, ignore_user_meta=False, metas=['./colcon.meta'], base_paths=['.'], packages_ignore=None, packages_ignore_regex=None, paths=None, packages_up_to=None, packages_up_to_regex=None, packages_above=None, packages_above_and_dependencies=None, packages_above_depth=None, packages_select_by_dep=None, packages_skip_by_dep=None, packages_skip_up_to=None, packages_select_build_failed=False, packages_skip_build_finished=False, packages_select_test_failures=False, packages_skip_test_passed=False, packages_select=None, packages_skip=None, packages_select_regex=None, packages_skip_regex=None, packages_start=None, packages_end=None, cmake_args=None, cmake_target=None, cmake_target_skip_unavailable=False, cmake_clean_cache=False, cmake_clean_first=False, cmake_force_configure=False, ament_cmake_args=None, catkin_cmake_args=None, catkin_skip_building_tests=False, verb_parser=<colcon_defaults.argument_parser.defaults.DefaultArgumentsDecorator object at 0x0000017474720AF0>, verb_extension=<colcon_core.verb.build.BuildVerb object at 0x0000017474434550>, main=<bound method BuildVerb.main of <colcon_core.verb.build.BuildVerb object at 0x0000017474434550>>)[0m
[0.751s] [34mcolcon.colcon_core.package_discovery[0m [1;30mLevel 1[0m discover_packages(colcon_meta) check parameters
[0.751s] [34mcolcon.colcon_core.package_discovery[0m [1;30mLevel 1[0m discover_packages(recursive) check parameters
[0.751s] [34mcolcon.colcon_core.package_discovery[0m [1;30mLevel 1[0m discover_packages(ignore) check parameters
[0.751s] [34mcolcon.colcon_core.package_discovery[0m [1;30mLevel 1[0m discover_packages(path) check parameters
[0.751s] [34mcolcon.colcon_core.package_discovery[0m [1;30mLevel 1[0m discover_packages(colcon_meta) discover
[0.751s] [34mcolcon.colcon_core.package_discovery[0m [1;30mLevel 1[0m discover_packages(recursive) discover
[0.751s] [34mcolcon.colcon_core.package_discovery[0m [1;30mINFO[0m Crawling recursively for packages in 'C:\Users\edvar\programming\ros2_ws'
[0.752s] [34mcolcon.colcon_core.package_identification[0m [1;30mLevel 1[0m _identify(.) by extensions ['ignore', 'ignore_ament_install']
[0.752s] [34mcolcon.colcon_core.package_identification[0m [1;30mLevel 1[0m _identify(.) by extension 'ignore'
[0.752s] [34mcolcon.colcon_core.package_identification[0m [1;30mLevel 1[0m _identify(.) by extension 'ignore_ament_install'
[0.752s] [34mcolcon.colcon_core.package_identification[0m [1;30mLevel 1[0m _identify(.) by extensions ['colcon_pkg']
[0.752s] [34mcolcon.colcon_core.package_identification[0m [1;30mLevel 1[0m _identify(.) by extension 'colcon_pkg'
[0.752s] [34mcolcon.colcon_core.package_identification[0m [1;30mLevel 1[0m _identify(.) by extensions ['colcon_meta']
[0.752s] [34mcolcon.colcon_core.package_identification[0m [1;30mLevel 1[0m _identify(.) by extension 'colcon_meta'
[0.752s] [34mcolcon.colcon_core.package_identification[0m [1;30mLevel 1[0m _identify(.) by extensions ['ros']
[0.752s] [34mcolcon.colcon_core.package_identification[0m [1;30mLevel 1[0m _identify(.) by extension 'ros'
[0.774s] [34mcolcon.colcon_core.package_identification[0m [1;30mLevel 1[0m _identify(.) by extensions ['cmake', 'python']
[0.774s] [34mcolcon.colcon_core.package_identification[0m [1;30mLevel 1[0m _identify(.) by extension 'cmake'
[0.774s] [34mcolcon.colcon_core.package_identification[0m [1;30mLevel 1[0m _identify(.) by extension 'python'
[0.774s] [34mcolcon.colcon_core.package_identification[0m [1;30mLevel 1[0m _identify(.) by extensions ['python_setup_py']
[0.774s] [34mcolcon.colcon_core.package_identification[0m [1;30mLevel 1[0m _identify(.) by extension 'python_setup_py'
[0.775s] [34mcolcon.colcon_core.package_identification[0m [1;30mLevel 1[0m _identify(build) by extensions ['ignore', 'ignore_ament_install']
[0.775s] [34mcolcon.colcon_core.package_identification[0m [1;30mLevel 1[0m _identify(build) by extension 'ignore'
[0.775s] [34mcolcon.colcon_core.package_identification[0m [1;30mLevel 1[0m _identify(build) ignored
[0.775s] [34mcolcon.colcon_core.package_identification[0m [1;30mLevel 1[0m _identify(install) by extensions ['ignore', 'ignore_ament_install']
[0.775s] [34mcolcon.colcon_core.package_identification[0m [1;30mLevel 1[0m _identify(install) by extension 'ignore'
[0.775s] [34mcolcon.colcon_core.package_identification[0m [1;30mLevel 1[0m _identify(install) ignored
[0.776s] [34mcolcon.colcon_core.package_identification[0m [1;30mLevel 1[0m _identify(log) by extensions ['ignore', 'ignore_ament_install']
[0.776s] [34mcolcon.colcon_core.package_identification[0m [1;30mLevel 1[0m _identify(log) by extension 'ignore'
[0.776s] [34mcolcon.colcon_core.package_identification[0m [1;30mLevel 1[0m _identify(log) ignored
[0.776s] [34mcolcon.colcon_core.package_identification[0m [1;30mLevel 1[0m _identify(src) by extensions ['ignore', 'ignore_ament_install']
[0.776s] [34mcolcon.colcon_core.package_identification[0m [1;30mLevel 1[0m _identify(src) by extension 'ignore'
[0.776s] [34mcolcon.colcon_core.package_identification[0m [1;30mLevel 1[0m _identify(src) by extension 'ignore_ament_install'
[0.776s] [34mcolcon.colcon_core.package_identification[0m [1;30mLevel 1[0m _identify(src) by extensions ['colcon_pkg']
[0.776s] [34mcolcon.colcon_core.package_identification[0m [1;30mLevel 1[0m _identify(src) by extension 'colcon_pkg'
[0.776s] [34mcolcon.colcon_core.package_identification[0m [1;30mLevel 1[0m _identify(src) by extensions ['colcon_meta']
[0.776s] [34mcolcon.colcon_core.package_identification[0m [1;30mLevel 1[0m _identify(src) by extension 'colcon_meta'
[0.776s] [34mcolcon.colcon_core.package_identification[0m [1;30mLevel 1[0m _identify(src) by extensions ['ros']
[0.777s] [34mcolcon.colcon_core.package_identification[0m [1;30mLevel 1[0m _identify(src) by extension 'ros'
[0.777s] [34mcolcon.colcon_core.package_identification[0m [1;30mLevel 1[0m _identify(src) by extensions ['cmake', 'python']
[0.777s] [34mcolcon.colcon_core.package_identification[0m [1;30mLevel 1[0m _identify(src) by extension 'cmake'
[0.777s] [34mcolcon.colcon_core.package_identification[0m [1;30mLevel 1[0m _identify(src) by extension 'python'
[0.777s] [34mcolcon.colcon_core.package_identification[0m [1;30mLevel 1[0m _identify(src) by extensions ['python_setup_py']
[0.777s] [34mcolcon.colcon_core.package_identification[0m [1;30mLevel 1[0m _identify(src) by extension 'python_setup_py'
[0.777s] [34mcolcon.colcon_core.package_identification[0m [1;30mLevel 1[0m _identify(src\asv_description) by extensions ['ignore', 'ignore_ament_install']
[0.777s] [34mcolcon.colcon_core.package_identification[0m [1;30mLevel 1[0m _identify(src\asv_description) by extension 'ignore'
[0.777s] [34mcolcon.colcon_core.package_identification[0m [1;30mLevel 1[0m _identify(src\asv_description) by extension 'ignore_ament_install'
[0.777s] [34mcolcon.colcon_core.package_identification[0m [1;30mLevel 1[0m _identify(src\asv_description) by extensions ['colcon_pkg']
[0.777s] [34mcolcon.colcon_core.package_identification[0m [1;30mLevel 1[0m _identify(src\asv_description) by extension 'colcon_pkg'
[0.778s] [34mcolcon.colcon_core.package_identification[0m [1;30mLevel 1[0m _identify(src\asv_description) by extensions ['colcon_meta']
[0.778s] [34mcolcon.colcon_core.package_identification[0m [1;30mLevel 1[0m _identify(src\asv_description) by extension 'colcon_meta'
[0.778s] [34mcolcon.colcon_core.package_identification[0m [1;30mLevel 1[0m _identify(src\asv_description) by extensions ['ros']
[0.778s] [34mcolcon.colcon_core.package_identification[0m [1;30mLevel 1[0m _identify(src\asv_description) by extension 'ros'
[0.790s] [34mcolcon.colcon_core.package_identification[0m [1;30mDEBUG[0m [32mPackage 'src\asv_description' with type 'ros.ament_cmake' and name 'asv_description'[0m
[0.790s] [34mcolcon.colcon_core.package_discovery[0m [1;30mLevel 1[0m discover_packages(recursive) using defaults
[0.790s] [34mcolcon.colcon_core.package_discovery[0m [1;30mLevel 1[0m discover_packages(ignore) discover
[0.790s] [34mcolcon.colcon_core.package_discovery[0m [1;30mLevel 1[0m discover_packages(ignore) using defaults
[0.790s] [34mcolcon.colcon_core.package_discovery[0m [1;30mLevel 1[0m discover_packages(path) discover
[0.790s] [34mcolcon.colcon_core.package_discovery[0m [1;30mLevel 1[0m discover_packages(path) using defaults
[0.871s] [34mcolcon.colcon_core.verb[0m [1;30mLevel 5[0m set package 'asv_description' build argument 'cmake_args' from command line to 'None'
[0.871s] [34mcolcon.colcon_core.verb[0m [1;30mLevel 5[0m set package 'asv_description' build argument 'cmake_target' from command line to 'None'
[0.871s] [34mcolcon.colcon_core.verb[0m [1;30mLevel 5[0m set package 'asv_description' build argument 'cmake_target_skip_unavailable' from command line to 'False'
[0.872s] [34mcolcon.colcon_core.verb[0m [1;30mLevel 5[0m set package 'asv_description' build argument 'cmake_clean_cache' from command line to 'False'
[0.872s] [34mcolcon.colcon_core.verb[0m [1;30mLevel 5[0m set package 'asv_description' build argument 'cmake_clean_first' from command line to 'False'
[0.872s] [34mcolcon.colcon_core.verb[0m [1;30mLevel 5[0m set package 'asv_description' build argument 'cmake_force_configure' from command line to 'False'
[0.872s] [34mcolcon.colcon_core.verb[0m [1;30mLevel 5[0m set package 'asv_description' build argument 'ament_cmake_args' from command line to 'None'
[0.872s] [34mcolcon.colcon_core.verb[0m [1;30mLevel 5[0m set package 'asv_description' build argument 'catkin_cmake_args' from command line to 'None'
[0.872s] [34mcolcon.colcon_core.verb[0m [1;30mLevel 5[0m set package 'asv_description' build argument 'catkin_skip_building_tests' from command line to 'False'
[0.872s] [34mcolcon.colcon_core.verb[0m [1;30mDEBUG[0m [32mBuilding package 'asv_description' with the following arguments: {'ament_cmake_args': None, 'build_base': 'C:\\Users\\edvar\\programming\\ros2_ws\\build\\asv_description', 'catkin_cmake_args': None, 'catkin_skip_building_tests': False, 'cmake_args': None, 'cmake_clean_cache': False, 'cmake_clean_first': False, 'cmake_force_configure': False, 'cmake_target': None, 'cmake_target_skip_unavailable': False, 'install_base': 'C:\\Users\\edvar\\programming\\ros2_ws\\install\\asv_description', 'merge_install': False, 'path': 'C:\\Users\\edvar\\programming\\ros2_ws\\src\\asv_description', 'symlink_install': False, 'test_result_base': None}[0m
[0.887s] [34mcolcon.colcon_core.executor[0m [1;30mINFO[0m Executing jobs using 'parallel' executor
[0.903s] [34mcolcon.colcon_parallel_executor.executor.parallel[0m [1;30mDEBUG[0m [32mrun_until_complete[0m
[0.903s] [34mcolcon.colcon_ros.task.ament_cmake.build[0m [1;30mINFO[0m Building ROS package in 'C:\Users\edvar\programming\ros2_ws\src\asv_description' with build type 'ament_cmake'
[0.903s] [34mcolcon.colcon_cmake.task.cmake.build[0m [1;30mINFO[0m Building CMake package in 'C:\Users\edvar\programming\ros2_ws\src\asv_description'
[0.920s] [34mcolcon.colcon_core.plugin_system[0m [1;30mINFO[0m Skipping extension 'colcon_core.shell.sh': Not used on Windows systems
[1.154s] [34mcolcon.colcon_core.event_handler.log_command[0m [1;30mDEBUG[0m [32mInvoking command in 'C:\Users\edvar\programming\ros2_ws\build\asv_description': CMAKE_PREFIX_PATH=C:\Users\edvar\programming\ros2_ws\.pixi\envs\default\Library PIXI_PROMPT=(ros2_ws) C:\Users\edvar\programming\ros2_ws\.pixi\envs\default\Library\bin\cmake.EXE C:\Users\edvar\programming\ros2_ws\src\asv_description -DCMAKE_INSTALL_PREFIX=C:\Users\edvar\programming\ros2_ws\install\asv_description -G Visual Studio 17 2022[0m
[9.631s] [34mcolcon.colcon_core.event_handler.log_command[0m [1;30mDEBUG[0m [32mInvoked command in 'C:\Users\edvar\programming\ros2_ws\build\asv_description' returned '1': CMAKE_PREFIX_PATH=C:\Users\edvar\programming\ros2_ws\.pixi\envs\default\Library PIXI_PROMPT=(ros2_ws) C:\Users\edvar\programming\ros2_ws\.pixi\envs\default\Library\bin\cmake.EXE C:\Users\edvar\programming\ros2_ws\src\asv_description -DCMAKE_INSTALL_PREFIX=C:\Users\edvar\programming\ros2_ws\install\asv_description -G Visual Studio 17 2022[0m
[9.637s] [34mcolcon.colcon_core.environment[0m [1;30mLevel 1[0m create_environment_scripts_only(asv_description)
[9.669s] [34mcolcon.colcon_core.environment[0m [1;30mLevel 1[0m checking 'C:\Users\edvar\programming\ros2_ws\install\asv_description' for CMake module files
[9.670s] [34mcolcon.colcon_core.environment[0m [1;30mLevel 1[0m checking 'C:\Users\edvar\programming\ros2_ws\install\asv_description' for CMake config files
[9.670s] [34mcolcon.colcon_core.environment[0m [1;30mLevel 1[0m checking 'C:\Users\edvar\programming\ros2_ws\install\asv_description\bin'
[9.670s] [34mcolcon.colcon_core.environment[0m [1;30mLevel 1[0m checking 'C:\Users\edvar\programming\ros2_ws\install\asv_description\bin'
[9.670s] [34mcolcon.colcon_core.environment[0m [1;30mLevel 1[0m checking 'C:\Users\edvar\programming\ros2_ws\install\asv_description\lib\pkgconfig\asv_description.pc'
[9.671s] [34mcolcon.colcon_core.environment[0m [1;30mLevel 1[0m checking 'C:\Users\edvar\programming\ros2_ws\install\asv_description\Lib\site-packages'
[9.671s] [34mcolcon.colcon_core.environment[0m [1;30mLevel 1[0m checking 'C:\Users\edvar\programming\ros2_ws\install\asv_description\Scripts'
[9.687s] [34mcolcon.colcon_core.shell[0m [1;30mINFO[0m Creating package script 'C:\Users\edvar\programming\ros2_ws\install\asv_description\share\asv_description\package.ps1'
[9.688s] [34mcolcon.colcon_core.shell[0m [1;30mINFO[0m Creating package script 'C:\Users\edvar\programming\ros2_ws\install\asv_description\share\asv_description\package.bat'
[9.689s] [34mcolcon.colcon_core.shell[0m [1;30mINFO[0m Creating package descriptor 'C:\Users\edvar\programming\ros2_ws\install\asv_description\share\asv_description\package.dsv'
[9.690s] [34mcolcon.colcon_core.environment[0m [1;30mLevel 1[0m create_file_with_runtime_dependencies(C:\Users\edvar\programming\ros2_ws\install\asv_description\share\colcon-core\packages\asv_description)
[9.708s] [34mcolcon.colcon_parallel_executor.executor.parallel[0m [1;30mDEBUG[0m [32mrun_until_complete finished with '1'[0m
[9.708s] [34mcolcon.colcon_core.event_reactor[0m [1;30mDEBUG[0m [32mjoining thread[0m
[9.727s] [34mcolcon.colcon_core.plugin_system[0m [1;30mINFO[0m Skipping extension 'colcon_notification.desktop_notification.notify2': 'notify2' not found
[9.727s] [34mcolcon.colcon_core.plugin_system[0m [1;30mINFO[0m Skipping extension 'colcon_notification.desktop_notification.notify_send': Not used on non-Linux systems
[9.727s] [34mcolcon.colcon_core.plugin_system[0m [1;30mINFO[0m Skipping extension 'colcon_notification.desktop_notification.terminal_notifier': Not used on non-Darwin systems
[9.727s] [34mcolcon.colcon_notification.desktop_notification[0m [1;30mINFO[0m Sending desktop notification using 'win32'
[14.768s] [34mcolcon.colcon_core.event_reactor[0m [1;30mDEBUG[0m [32mjoined thread[0m
[14.784s] [34mcolcon.colcon_core.shell[0m [1;30mINFO[0m Creating prefix script 'C:\Users\edvar\programming\ros2_ws\install\local_setup.ps1'
[14.785s] [34mcolcon.colcon_core.shell[0m [1;30mINFO[0m Creating prefix util module 'C:\Users\edvar\programming\ros2_ws\install\_local_setup_util_ps1.py'
[14.787s] [34mcolcon.colcon_core.shell[0m [1;30mINFO[0m Creating prefix chain script 'C:\Users\edvar\programming\ros2_ws\install\setup.ps1'
[14.805s] [34mcolcon.colcon_core.shell[0m [1;30mINFO[0m Creating prefix script 'C:\Users\edvar\programming\ros2_ws\install\local_setup.bat'
[14.806s] [34mcolcon.colcon_core.shell[0m [1;30mINFO[0m Creating prefix util module 'C:\Users\edvar\programming\ros2_ws\install\_local_setup_util_bat.py'
[14.806s] [34mcolcon.colcon_core.shell[0m [1;30mINFO[0m Creating prefix chain script 'C:\Users\edvar\programming\ros2_ws\install\setup.bat'
