C:\Users\edvar\programming\ros2_ws\install\ros_tcp_endpoint\Lib\site-packages\ros_tcp_endpoint\client.py
C:\Users\edvar\programming\ros2_ws\install\ros_tcp_endpoint\Lib\site-packages\ros_tcp_endpoint\communication.py
C:\Users\edvar\programming\ros2_ws\install\ros_tcp_endpoint\Lib\site-packages\ros_tcp_endpoint\default_server_endpoint.py
C:\Users\edvar\programming\ros2_ws\install\ros_tcp_endpoint\Lib\site-packages\ros_tcp_endpoint\exceptions.py
C:\Users\edvar\programming\ros2_ws\install\ros_tcp_endpoint\Lib\site-packages\ros_tcp_endpoint\publisher.py
C:\Users\edvar\programming\ros2_ws\install\ros_tcp_endpoint\Lib\site-packages\ros_tcp_endpoint\server.py
C:\Users\edvar\programming\ros2_ws\install\ros_tcp_endpoint\Lib\site-packages\ros_tcp_endpoint\service.py
C:\Users\edvar\programming\ros2_ws\install\ros_tcp_endpoint\Lib\site-packages\ros_tcp_endpoint\subscriber.py
C:\Users\edvar\programming\ros2_ws\install\ros_tcp_endpoint\Lib\site-packages\ros_tcp_endpoint\tcp_sender.py
C:\Users\edvar\programming\ros2_ws\install\ros_tcp_endpoint\Lib\site-packages\ros_tcp_endpoint\thread_pauser.py
C:\Users\edvar\programming\ros2_ws\install\ros_tcp_endpoint\Lib\site-packages\ros_tcp_endpoint\unity_service.py
C:\Users\edvar\programming\ros2_ws\install\ros_tcp_endpoint\Lib\site-packages\ros_tcp_endpoint\__init__.py
C:\Users\edvar\programming\ros2_ws\install\ros_tcp_endpoint\Lib\site-packages\ros_tcp_endpoint\__pycache__\client.cpython-39.pyc
C:\Users\edvar\programming\ros2_ws\install\ros_tcp_endpoint\Lib\site-packages\ros_tcp_endpoint\__pycache__\communication.cpython-39.pyc
C:\Users\edvar\programming\ros2_ws\install\ros_tcp_endpoint\Lib\site-packages\ros_tcp_endpoint\__pycache__\default_server_endpoint.cpython-39.pyc
C:\Users\edvar\programming\ros2_ws\install\ros_tcp_endpoint\Lib\site-packages\ros_tcp_endpoint\__pycache__\exceptions.cpython-39.pyc
C:\Users\edvar\programming\ros2_ws\install\ros_tcp_endpoint\Lib\site-packages\ros_tcp_endpoint\__pycache__\publisher.cpython-39.pyc
C:\Users\edvar\programming\ros2_ws\install\ros_tcp_endpoint\Lib\site-packages\ros_tcp_endpoint\__pycache__\server.cpython-39.pyc
C:\Users\edvar\programming\ros2_ws\install\ros_tcp_endpoint\Lib\site-packages\ros_tcp_endpoint\__pycache__\service.cpython-39.pyc
C:\Users\edvar\programming\ros2_ws\install\ros_tcp_endpoint\Lib\site-packages\ros_tcp_endpoint\__pycache__\subscriber.cpython-39.pyc
C:\Users\edvar\programming\ros2_ws\install\ros_tcp_endpoint\Lib\site-packages\ros_tcp_endpoint\__pycache__\tcp_sender.cpython-39.pyc
C:\Users\edvar\programming\ros2_ws\install\ros_tcp_endpoint\Lib\site-packages\ros_tcp_endpoint\__pycache__\thread_pauser.cpython-39.pyc
C:\Users\edvar\programming\ros2_ws\install\ros_tcp_endpoint\Lib\site-packages\ros_tcp_endpoint\__pycache__\unity_service.cpython-39.pyc
C:\Users\edvar\programming\ros2_ws\install\ros_tcp_endpoint\Lib\site-packages\ros_tcp_endpoint\__pycache__\__init__.cpython-39.pyc
C:\Users\edvar\programming\ros2_ws\install\ros_tcp_endpoint\share\ament_index\resource_index\packages\ros_tcp_endpoint
C:\Users\edvar\programming\ros2_ws\install\ros_tcp_endpoint\share\ros_tcp_endpoint\package.xml
C:\Users\edvar\programming\ros2_ws\install\ros_tcp_endpoint\share\ros_tcp_endpoint\launch\endpoint.py
C:\Users\edvar\programming\ros2_ws\install\ros_tcp_endpoint\Lib\site-packages\ros_tcp_endpoint-0.0.1-py3.9.egg-info\dependency_links.txt
C:\Users\edvar\programming\ros2_ws\install\ros_tcp_endpoint\Lib\site-packages\ros_tcp_endpoint-0.0.1-py3.9.egg-info\entry_points.txt
C:\Users\edvar\programming\ros2_ws\install\ros_tcp_endpoint\Lib\site-packages\ros_tcp_endpoint-0.0.1-py3.9.egg-info\PKG-INFO
C:\Users\edvar\programming\ros2_ws\install\ros_tcp_endpoint\Lib\site-packages\ros_tcp_endpoint-0.0.1-py3.9.egg-info\requires.txt
C:\Users\edvar\programming\ros2_ws\install\ros_tcp_endpoint\Lib\site-packages\ros_tcp_endpoint-0.0.1-py3.9.egg-info\SOURCES.txt
C:\Users\edvar\programming\ros2_ws\install\ros_tcp_endpoint\Lib\site-packages\ros_tcp_endpoint-0.0.1-py3.9.egg-info\top_level.txt
C:\Users\edvar\programming\ros2_ws\install\ros_tcp_endpoint\Lib\site-packages\ros_tcp_endpoint-0.0.1-py3.9.egg-info\zip-safe
C:\Users\edvar\programming\ros2_ws\install\ros_tcp_endpoint\lib\ros_tcp_endpoint\default_server_endpoint-script.py
C:\Users\edvar\programming\ros2_ws\install\ros_tcp_endpoint\lib\ros_tcp_endpoint\default_server_endpoint.exe
