[0.719s] Invoking command in 'C:\Users\edvar\programming\ros2_ws\build\asv_description': CL=/MP CMAKE_PREFIX_PATH=C:\Users\edvar\programming\ros2_ws\.pixi\envs\default\Library PIXI_PROMPT=(ros2_ws) C:\Users\edvar\programming\ros2_ws\.pixi\envs\default\Library\bin\cmake.EXE --build C:\Users\edvar\programming\ros2_ws\build\asv_description --config Release
[1.484s] MSBuild version 17.9.5+33de0b227 for .NET Framework
[1.484s] 
[1.484s] Invoked command in 'C:\Users\edvar\programming\ros2_ws\build\asv_description' returned '0': CL=/MP CMAKE_PREFIX_PATH=C:\Users\edvar\programming\ros2_ws\.pixi\envs\default\Library PIXI_PROMPT=(ros2_ws) C:\Users\edvar\programming\ros2_ws\.pixi\envs\default\Library\bin\cmake.EXE --build C:\Users\edvar\programming\ros2_ws\build\asv_description --config Release
[1.516s] Invoking command in 'C:\Users\edvar\programming\ros2_ws\build\asv_description': CMAKE_PREFIX_PATH=C:\Users\edvar\programming\ros2_ws\.pixi\envs\default\Library PIXI_PROMPT=(ros2_ws) C:\Users\edvar\programming\ros2_ws\.pixi\envs\default\Library\bin\cmake.EXE --install C:\Users\edvar\programming\ros2_ws\build\asv_description --config Release
[1.531s] -- Up-to-date: C:/Users/edvar/programming/ros2_ws/install/asv_description/share/asv_description/models
[1.531s] -- Up-to-date: C:/Users/edvar/programming/ros2_ws/install/asv_description/share/asv_description/models/engine
[1.547s] -- Up-to-date: C:/Users/edvar/programming/ros2_ws/install/asv_description/share/asv_description/models/engine/mesh
[1.547s] -- Up-to-date: C:/Users/edvar/programming/ros2_ws/install/asv_description/share/asv_description/models/engine/mesh/engine.dae
[1.547s] -- Up-to-date: C:/Users/edvar/programming/ros2_ws/install/asv_description/share/asv_description/models/engine/model.config
[1.547s] -- Up-to-date: C:/Users/edvar/programming/ros2_ws/install/asv_description/share/asv_description/models/propeller
[1.547s] -- Up-to-date: C:/Users/edvar/programming/ros2_ws/install/asv_description/share/asv_description/models/propeller/mesh
[1.547s] -- Up-to-date: C:/Users/edvar/programming/ros2_ws/install/asv_description/share/asv_description/models/propeller/mesh/propeller.dae
[1.547s] -- Up-to-date: C:/Users/edvar/programming/ros2_ws/install/asv_description/share/asv_description/models/propeller/model.config
[1.547s] -- Up-to-date: C:/Users/edvar/programming/ros2_ws/install/asv_description/share/asv_description/models/WAM-V-Base
[1.547s] -- Up-to-date: C:/Users/edvar/programming/ros2_ws/install/asv_description/share/asv_description/models/WAM-V-Base/mesh
[1.547s] -- Up-to-date: C:/Users/edvar/programming/ros2_ws/install/asv_description/share/asv_description/models/WAM-V-Base/mesh/WAM-V-Base.dae
[1.547s] -- Up-to-date: C:/Users/edvar/programming/ros2_ws/install/asv_description/share/asv_description/models/WAM-V-Base/mesh/WAM-V_Albedo.png
[1.547s] -- Up-to-date: C:/Users/edvar/programming/ros2_ws/install/asv_description/share/asv_description/models/WAM-V-Base/mesh/WAM-V_Metalness.png
[1.547s] -- Up-to-date: C:/Users/edvar/programming/ros2_ws/install/asv_description/share/asv_description/models/WAM-V-Base/mesh/WAM-V_Normal.png
[1.547s] -- Up-to-date: C:/Users/edvar/programming/ros2_ws/install/asv_description/share/asv_description/models/WAM-V-Base/mesh/WAM-V_Roughness.png
[1.547s] -- Up-to-date: C:/Users/edvar/programming/ros2_ws/install/asv_description/share/asv_description/models/WAM-V-Base/mesh/WamV.png
[1.547s] -- Up-to-date: C:/Users/edvar/programming/ros2_ws/install/asv_description/share/asv_description/models/WAM-V-Base/model.config
[1.547s] -- Up-to-date: C:/Users/edvar/programming/ros2_ws/install/asv_description/share/asv_description/urdf
[1.547s] -- Up-to-date: C:/Users/edvar/programming/ros2_ws/install/asv_description/share/asv_description/urdf/battery.xacro
[1.547s] -- Up-to-date: C:/Users/edvar/programming/ros2_ws/install/asv_description/share/asv_description/urdf/cpu_cases.xacro
[1.547s] -- Up-to-date: C:/Users/edvar/programming/ros2_ws/install/asv_description/share/asv_description/urdf/thrusters
[1.547s] -- Up-to-date: C:/Users/edvar/programming/ros2_ws/install/asv_description/share/asv_description/urdf/thrusters/engine.xacro
[1.547s] -- Up-to-date: C:/Users/edvar/programming/ros2_ws/install/asv_description/share/asv_description/urdf/wamv_base.urdf
[1.547s] -- Up-to-date: C:/Users/edvar/programming/ros2_ws/install/asv_description/share/ament_index/resource_index/package_run_dependencies/asv_description
[1.547s] -- Up-to-date: C:/Users/edvar/programming/ros2_ws/install/asv_description/share/ament_index/resource_index/parent_prefix_path/asv_description
[1.547s] -- Up-to-date: C:/Users/edvar/programming/ros2_ws/install/asv_description/share/asv_description/environment/ament_prefix_path.bat
[1.562s] -- Up-to-date: C:/Users/edvar/programming/ros2_ws/install/asv_description/share/asv_description/environment/ament_prefix_path.dsv
[1.562s] -- Up-to-date: C:/Users/edvar/programming/ros2_ws/install/asv_description/share/asv_description/environment/path.bat
[1.562s] -- Up-to-date: C:/Users/edvar/programming/ros2_ws/install/asv_description/share/asv_description/environment/path.dsv
[1.562s] -- Up-to-date: C:/Users/edvar/programming/ros2_ws/install/asv_description/share/asv_description/local_setup.bat
[1.562s] -- Up-to-date: C:/Users/edvar/programming/ros2_ws/install/asv_description/share/asv_description/local_setup.dsv
[1.562s] -- Installing: C:/Users/edvar/programming/ros2_ws/install/asv_description/share/asv_description/package.dsv
[1.562s] -- Up-to-date: C:/Users/edvar/programming/ros2_ws/install/asv_description/share/ament_index/resource_index/packages/asv_description
[1.562s] -- Up-to-date: C:/Users/edvar/programming/ros2_ws/install/asv_description/share/asv_description/cmake/asv_descriptionConfig.cmake
[1.562s] -- Up-to-date: C:/Users/edvar/programming/ros2_ws/install/asv_description/share/asv_description/cmake/asv_descriptionConfig-version.cmake
[1.562s] -- Up-to-date: C:/Users/edvar/programming/ros2_ws/install/asv_description/share/asv_description/package.xml
[1.578s] Invoked command in 'C:\Users\edvar\programming\ros2_ws\build\asv_description' returned '0': CMAKE_PREFIX_PATH=C:\Users\edvar\programming\ros2_ws\.pixi\envs\default\Library PIXI_PROMPT=(ros2_ws) C:\Users\edvar\programming\ros2_ws\.pixi\envs\default\Library\bin\cmake.EXE --install C:\Users\edvar\programming\ros2_ws\build\asv_description --config Release
