running egg_info
creating ..\..\build\ros_tcp_endpoint\ros_tcp_endpoint.egg-info
writing ..\..\build\ros_tcp_endpoint\ros_tcp_endpoint.egg-info\PKG-INFO
writing dependency_links to ..\..\build\ros_tcp_endpoint\ros_tcp_endpoint.egg-info\dependency_links.txt
writing entry points to ..\..\build\ros_tcp_endpoint\ros_tcp_endpoint.egg-info\entry_points.txt
writing requirements to ..\..\build\ros_tcp_endpoint\ros_tcp_endpoint.egg-info\requires.txt
writing top-level names to ..\..\build\ros_tcp_endpoint\ros_tcp_endpoint.egg-info\top_level.txt
writing manifest file '..\..\build\ros_tcp_endpoint\ros_tcp_endpoint.egg-info\SOURCES.txt'
reading manifest file '..\..\build\ros_tcp_endpoint\ros_tcp_endpoint.egg-info\SOURCES.txt'
adding license file 'LICENSE'
writing manifest file '..\..\build\ros_tcp_endpoint\ros_tcp_endpoint.egg-info\SOURCES.txt'
running build
running build_py
creating C:\Users\edvar\programming\ros2_ws\build\ros_tcp_endpoint\build
creating C:\Users\edvar\programming\ros2_ws\build\ros_tcp_endpoint\build\lib
creating C:\Users\edvar\programming\ros2_ws\build\ros_tcp_endpoint\build\lib\ros_tcp_endpoint
copying ros_tcp_endpoint\client.py -> C:\Users\edvar\programming\ros2_ws\build\ros_tcp_endpoint\build\lib\ros_tcp_endpoint
copying ros_tcp_endpoint\communication.py -> C:\Users\edvar\programming\ros2_ws\build\ros_tcp_endpoint\build\lib\ros_tcp_endpoint
copying ros_tcp_endpoint\default_server_endpoint.py -> C:\Users\edvar\programming\ros2_ws\build\ros_tcp_endpoint\build\lib\ros_tcp_endpoint
copying ros_tcp_endpoint\exceptions.py -> C:\Users\edvar\programming\ros2_ws\build\ros_tcp_endpoint\build\lib\ros_tcp_endpoint
copying ros_tcp_endpoint\publisher.py -> C:\Users\edvar\programming\ros2_ws\build\ros_tcp_endpoint\build\lib\ros_tcp_endpoint
copying ros_tcp_endpoint\server.py -> C:\Users\edvar\programming\ros2_ws\build\ros_tcp_endpoint\build\lib\ros_tcp_endpoint
copying ros_tcp_endpoint\service.py -> C:\Users\edvar\programming\ros2_ws\build\ros_tcp_endpoint\build\lib\ros_tcp_endpoint
copying ros_tcp_endpoint\subscriber.py -> C:\Users\edvar\programming\ros2_ws\build\ros_tcp_endpoint\build\lib\ros_tcp_endpoint
copying ros_tcp_endpoint\tcp_sender.py -> C:\Users\edvar\programming\ros2_ws\build\ros_tcp_endpoint\build\lib\ros_tcp_endpoint
copying ros_tcp_endpoint\thread_pauser.py -> C:\Users\edvar\programming\ros2_ws\build\ros_tcp_endpoint\build\lib\ros_tcp_endpoint
copying ros_tcp_endpoint\unity_service.py -> C:\Users\edvar\programming\ros2_ws\build\ros_tcp_endpoint\build\lib\ros_tcp_endpoint
copying ros_tcp_endpoint\__init__.py -> C:\Users\edvar\programming\ros2_ws\build\ros_tcp_endpoint\build\lib\ros_tcp_endpoint
running install
running install_lib
creating C:\Users\edvar\programming\ros2_ws\install\ros_tcp_endpoint\Lib\site-packages\ros_tcp_endpoint
copying C:\Users\edvar\programming\ros2_ws\build\ros_tcp_endpoint\build\lib\ros_tcp_endpoint\client.py -> C:\Users\edvar\programming\ros2_ws\install\ros_tcp_endpoint\Lib\site-packages\ros_tcp_endpoint
copying C:\Users\edvar\programming\ros2_ws\build\ros_tcp_endpoint\build\lib\ros_tcp_endpoint\communication.py -> C:\Users\edvar\programming\ros2_ws\install\ros_tcp_endpoint\Lib\site-packages\ros_tcp_endpoint
copying C:\Users\edvar\programming\ros2_ws\build\ros_tcp_endpoint\build\lib\ros_tcp_endpoint\default_server_endpoint.py -> C:\Users\edvar\programming\ros2_ws\install\ros_tcp_endpoint\Lib\site-packages\ros_tcp_endpoint
copying C:\Users\edvar\programming\ros2_ws\build\ros_tcp_endpoint\build\lib\ros_tcp_endpoint\exceptions.py -> C:\Users\edvar\programming\ros2_ws\install\ros_tcp_endpoint\Lib\site-packages\ros_tcp_endpoint
copying C:\Users\edvar\programming\ros2_ws\build\ros_tcp_endpoint\build\lib\ros_tcp_endpoint\publisher.py -> C:\Users\edvar\programming\ros2_ws\install\ros_tcp_endpoint\Lib\site-packages\ros_tcp_endpoint
copying C:\Users\edvar\programming\ros2_ws\build\ros_tcp_endpoint\build\lib\ros_tcp_endpoint\server.py -> C:\Users\edvar\programming\ros2_ws\install\ros_tcp_endpoint\Lib\site-packages\ros_tcp_endpoint
copying C:\Users\edvar\programming\ros2_ws\build\ros_tcp_endpoint\build\lib\ros_tcp_endpoint\service.py -> C:\Users\edvar\programming\ros2_ws\install\ros_tcp_endpoint\Lib\site-packages\ros_tcp_endpoint
copying C:\Users\edvar\programming\ros2_ws\build\ros_tcp_endpoint\build\lib\ros_tcp_endpoint\subscriber.py -> C:\Users\edvar\programming\ros2_ws\install\ros_tcp_endpoint\Lib\site-packages\ros_tcp_endpoint
copying C:\Users\edvar\programming\ros2_ws\build\ros_tcp_endpoint\build\lib\ros_tcp_endpoint\tcp_sender.py -> C:\Users\edvar\programming\ros2_ws\install\ros_tcp_endpoint\Lib\site-packages\ros_tcp_endpoint
copying C:\Users\edvar\programming\ros2_ws\build\ros_tcp_endpoint\build\lib\ros_tcp_endpoint\thread_pauser.py -> C:\Users\edvar\programming\ros2_ws\install\ros_tcp_endpoint\Lib\site-packages\ros_tcp_endpoint
copying C:\Users\edvar\programming\ros2_ws\build\ros_tcp_endpoint\build\lib\ros_tcp_endpoint\unity_service.py -> C:\Users\edvar\programming\ros2_ws\install\ros_tcp_endpoint\Lib\site-packages\ros_tcp_endpoint
copying C:\Users\edvar\programming\ros2_ws\build\ros_tcp_endpoint\build\lib\ros_tcp_endpoint\__init__.py -> C:\Users\edvar\programming\ros2_ws\install\ros_tcp_endpoint\Lib\site-packages\ros_tcp_endpoint
byte-compiling C:\Users\edvar\programming\ros2_ws\install\ros_tcp_endpoint\Lib\site-packages\ros_tcp_endpoint\client.py to client.cpython-39.pyc
byte-compiling C:\Users\edvar\programming\ros2_ws\install\ros_tcp_endpoint\Lib\site-packages\ros_tcp_endpoint\communication.py to communication.cpython-39.pyc
byte-compiling C:\Users\edvar\programming\ros2_ws\install\ros_tcp_endpoint\Lib\site-packages\ros_tcp_endpoint\default_server_endpoint.py to default_server_endpoint.cpython-39.pyc
byte-compiling C:\Users\edvar\programming\ros2_ws\install\ros_tcp_endpoint\Lib\site-packages\ros_tcp_endpoint\exceptions.py to exceptions.cpython-39.pyc
byte-compiling C:\Users\edvar\programming\ros2_ws\install\ros_tcp_endpoint\Lib\site-packages\ros_tcp_endpoint\publisher.py to publisher.cpython-39.pyc
byte-compiling C:\Users\edvar\programming\ros2_ws\install\ros_tcp_endpoint\Lib\site-packages\ros_tcp_endpoint\server.py to server.cpython-39.pyc
byte-compiling C:\Users\edvar\programming\ros2_ws\install\ros_tcp_endpoint\Lib\site-packages\ros_tcp_endpoint\service.py to service.cpython-39.pyc
byte-compiling C:\Users\edvar\programming\ros2_ws\install\ros_tcp_endpoint\Lib\site-packages\ros_tcp_endpoint\subscriber.py to subscriber.cpython-39.pyc
byte-compiling C:\Users\edvar\programming\ros2_ws\install\ros_tcp_endpoint\Lib\site-packages\ros_tcp_endpoint\tcp_sender.py to tcp_sender.cpython-39.pyc
byte-compiling C:\Users\edvar\programming\ros2_ws\install\ros_tcp_endpoint\Lib\site-packages\ros_tcp_endpoint\thread_pauser.py to thread_pauser.cpython-39.pyc
byte-compiling C:\Users\edvar\programming\ros2_ws\install\ros_tcp_endpoint\Lib\site-packages\ros_tcp_endpoint\unity_service.py to unity_service.cpython-39.pyc
byte-compiling C:\Users\edvar\programming\ros2_ws\install\ros_tcp_endpoint\Lib\site-packages\ros_tcp_endpoint\__init__.py to __init__.cpython-39.pyc
running install_data
creating C:\Users\edvar\programming\ros2_ws\install\ros_tcp_endpoint\share\ament_index
creating C:\Users\edvar\programming\ros2_ws\install\ros_tcp_endpoint\share\ament_index\resource_index
creating C:\Users\edvar\programming\ros2_ws\install\ros_tcp_endpoint\share\ament_index\resource_index\packages
copying resource\ros_tcp_endpoint -> C:\Users\edvar\programming\ros2_ws\install\ros_tcp_endpoint\share\ament_index\resource_index\packages
copying package.xml -> C:\Users\edvar\programming\ros2_ws\install\ros_tcp_endpoint\share\ros_tcp_endpoint
creating C:\Users\edvar\programming\ros2_ws\install\ros_tcp_endpoint\share\ros_tcp_endpoint\launch
copying launch\endpoint.py -> C:\Users\edvar\programming\ros2_ws\install\ros_tcp_endpoint\share\ros_tcp_endpoint\launch
running install_egg_info
Copying ..\..\build\ros_tcp_endpoint\ros_tcp_endpoint.egg-info to C:\Users\edvar\programming\ros2_ws\install\ros_tcp_endpoint\Lib\site-packages\ros_tcp_endpoint-0.0.1-py3.9.egg-info
running install_scripts
Installing default_server_endpoint-script.py script to C:\Users\edvar\programming\ros2_ws\install\ros_tcp_endpoint\lib\ros_tcp_endpoint
Installing default_server_endpoint.exe script to C:\Users\edvar\programming\ros2_ws\install\ros_tcp_endpoint\lib\ros_tcp_endpoint
writing list of installed files to 'C:\Users\edvar\programming\ros2_ws\build\ros_tcp_endpoint\install.log'
